<?xml version="1.0" encoding="UTF-8" ?>
<testsuite tests="7" failures="2" name="Runner.TestRunner" time="49.67" errors="1" skipped="0">
  <properties>
[...]
</properties>
  <testcase classname="HotelApp login #1" name="Login Successful" time="13.308">
    <failure message="expected:&lt;Hello [vasuvespag]!&gt; but was:&lt;Hello [aryan1207]!&gt;" type="org.junit.ComparisonFailure">org.junit.ComparisonFailure: expected:&lt;Hello [vasuvespag]!&gt; but was:&lt;Hello [aryan1207]!&gt;
	at org.junit.Assert.assertEquals(Assert.java:117)
	at org.junit.Assert.assertEquals(Assert.java:146)
	at com.stepDefinition.Test_Steps.login_is_successful(Test_Steps.java:68)
	at ✽.Login is successful(file:///C:/Users/Administrator/JavaWorkspace/HotelAppCucumDemo/Features/DatatableDemo.feature:11)
</failure>
    <system-out>Inside Given Method
[DEBUG] Using SLF4J as the default logging framework
[DEBUG] -Dio.netty.leakDetection.level: simple
[DEBUG] -Dio.netty.leakDetection.targetRecords: 4
[DEBUG] Loaded default ResourceLeakDetector: io.netty.util.ResourceLeakDetector@cf65451
[DEBUG] -Dio.netty.noUnsafe: false
[DEBUG] Java version: 18
[DEBUG] sun.misc.Unsafe.theUnsafe: available
[DEBUG] sun.misc.Unsafe.copyMemory: available
[DEBUG] sun.misc.Unsafe.storeFence: available
[DEBUG] java.nio.Buffer.address: available
[DEBUG] direct buffer constructor: unavailable: Reflective setAccessible(true) disabled
[DEBUG] java.nio.Bits.unaligned: available, true
[DEBUG] jdk.internal.misc.Unsafe.allocateUninitializedArray(int): unavailable: class io.netty.util.internal.PlatformDependent0$7 cannot access class jdk.internal.misc.Unsafe (in module java.base) because module java.base does not export jdk.internal.misc to unnamed module @34ce8af7
[DEBUG] java.nio.DirectByteBuffer.&lt;init&gt;(long, int): unavailable
[DEBUG] sun.misc.Unsafe: available
[DEBUG] maxDirectMemory: 4294967296 bytes (maybe)
[DEBUG] -Dio.netty.tmpdir: C:\Users\ADMINI~1\AppData\Local\Temp (java.io.tmpdir)
[DEBUG] -Dio.netty.bitMode: 64 (sun.arch.data.model)
[DEBUG] Platform: Windows
[DEBUG] -Dio.netty.maxDirectMemory: -1 bytes
[DEBUG] -Dio.netty.uninitializedArrayAllocationThreshold: -1
[DEBUG] java.nio.ByteBuffer.cleaner(): available
[DEBUG] -Dio.netty.noPreferDirect: false
[DEBUG] org.jctools-core.MpscChunkedArrayQueue: available
[DEBUG] -Dio.netty.threadLocalMap.stringBuilder.initialSize: 1024
[DEBUG] -Dio.netty.threadLocalMap.stringBuilder.maxSize: 4096
[DEBUG] Default protocols (JDK): [TLSv1.3, TLSv1.2] 
[DEBUG] Default cipher suites (JDK): [TLS_ECDHE_ECDSA_WITH_AES_256_GCM_SHA384, TLS_ECDHE_ECDSA_WITH_AES_128_GCM_SHA256, TLS_ECDHE_RSA_WITH_AES_128_GCM_SHA256, TLS_ECDHE_RSA_WITH_AES_256_GCM_SHA384, TLS_ECDHE_RSA_WITH_AES_128_CBC_SHA, TLS_ECDHE_RSA_WITH_AES_256_CBC_SHA, TLS_RSA_WITH_AES_128_GCM_SHA256, TLS_RSA_WITH_AES_128_CBC_SHA, TLS_RSA_WITH_AES_256_CBC_SHA, TLS_AES_128_GCM_SHA256, TLS_AES_256_GCM_SHA384]
[DEBUG] -Dio.netty.eventLoopThreads: 8
[DEBUG] -Dio.netty.noKeySetOptimization: false
[DEBUG] -Dio.netty.selectorAutoRebuildThreshold: 512
[DEBUG] -Dio.netty.allocator.numHeapArenas: 8
[DEBUG] -Dio.netty.allocator.numDirectArenas: 8
[DEBUG] -Dio.netty.allocator.pageSize: 8192
[DEBUG] -Dio.netty.allocator.maxOrder: 9
[DEBUG] -Dio.netty.allocator.chunkSize: 4194304
[DEBUG] -Dio.netty.allocator.smallCacheSize: 256
[DEBUG] -Dio.netty.allocator.normalCacheSize: 64
[DEBUG] -Dio.netty.allocator.maxCachedBufferCapacity: 32768
[DEBUG] -Dio.netty.allocator.cacheTrimInterval: 8192
[DEBUG] -Dio.netty.allocator.cacheTrimIntervalMillis: 0
[DEBUG] -Dio.netty.allocator.useCacheForAllThreads: false
[DEBUG] -Dio.netty.allocator.maxCachedByteBuffersPerChunk: 1023
[DEBUG] -Dio.netty.allocator.type: pooled
[DEBUG] -Dio.netty.threadLocalDirectBufferSize: 0
[DEBUG] -Dio.netty.maxThreadLocalCharBufferSize: 16384
[DEBUG] -Dio.netty.processId: 10208 (auto-detected)
[DEBUG] -Djava.net.preferIPv4Stack: false
[DEBUG] -Djava.net.preferIPv6Addresses: false
[DEBUG] Loopback interface: lo (Software Loopback Interface 1, 127.0.0.1)
[DEBUG] Failed to get SOMAXCONN from sysctl and file \proc\sys\net\core\somaxconn. Default: 200
[DEBUG] -Dio.netty.machineId: 00:50:56:ff:fe:92:bb:79 (auto-detected)
[DEBUG] -Dio.netty.buffer.checkAccessible: true
[DEBUG] -Dio.netty.buffer.checkBounds: true
[DEBUG] Loaded default ResourceLeakDetector: io.netty.util.ResourceLeakDetector@57541cb5
[DEBUG] Using new Channel &apos;[id: 0x36de7fa2, L:/127.0.0.1:54275 - R:localhost/127.0.0.1:50128]&apos; for &apos;POST&apos; to &apos;/session&apos;
[DEBUG] -Dio.netty.recycler.maxCapacityPerThread: 4096
[DEBUG] -Dio.netty.recycler.ratio: 8
[DEBUG] -Dio.netty.recycler.chunkSize: 32
[DEBUG] -Dio.netty.recycler.blocking: false
[DEBUG] brotli4j not in the classpath; Brotli support will be unavailable.
[DEBUG] 

Request DefaultHttpRequest(decodeResult: success, version: HTTP/1.1)
POST /session HTTP/1.1
User-Agent: selenium/4.5.0 (java windows)
Content-Length: 365
Content-Type: application/json; charset=utf-8
host: localhost:50128
accept: */*

Response DefaultHttpResponse(decodeResult: success, version: HTTP/1.1)
HTTP/1.1 200 OK
Content-Type: application/json; charset=utf-8
cache-control: no-cache
content-length: 792

[DEBUG] Adding key: http://localhost:50128 for channel [id: 0x36de7fa2, L:/127.0.0.1:54275 - R:localhost/127.0.0.1:50128]
[DEBUG] Using new Channel &apos;[id: 0x3a5c1a68, L:/127.0.0.1:54283 - R:localhost/127.0.0.1:54276]&apos; for &apos;GET&apos; to &apos;/json/version&apos;
[DEBUG] 

Request DefaultFullHttpRequest(decodeResult: success, version: HTTP/1.1, content: EmptyByteBufBE)
GET /json/version HTTP/1.1
User-Agent: selenium/4.5.0 (java windows)
host: localhost:54276
accept: */*

Response DefaultHttpResponse(decodeResult: success, version: HTTP/1.1)
HTTP/1.1 200 OK
Content-Type: application/json; charset=UTF-8
content-length: 426

[DEBUG] Adding key: http://localhost:54276 for channel [id: 0x3a5c1a68, L:/127.0.0.1:54283 - R:localhost/127.0.0.1:54276]
[DEBUG] -Dio.netty.initialSeedUniquifier: 0x3640d6bdca877a1d
[DEBUG] Using new Channel &apos;[id: 0x99f4f640, L:/127.0.0.1:54284 - R:localhost/127.0.0.1:54276]&apos; for &apos;GET&apos; to &apos;/devtools/browser/89da125e-e4c8-4962-b74f-0a6e3e049f37&apos;
[DEBUG] 

Request DefaultFullHttpRequest(decodeResult: success, version: HTTP/1.1, content: EmptyByteBufBE)
GET /devtools/browser/89da125e-e4c8-4962-b74f-0a6e3e049f37 HTTP/1.1
upgrade: websocket
connection: upgrade
sec-websocket-key: ggqgHizOoyEWkV5w5TKYCg==
sec-websocket-version: 13
origin: http://localhost:54276
host: localhost:54276
accept: */*
user-agent: AHC/2.1

Response DefaultHttpResponse(decodeResult: success, version: HTTP/1.1)
HTTP/1.1 101 WebSocket Protocol Handshake
Upgrade: WebSocket
Connection: Upgrade
Sec-WebSocket-Accept: STx4elBn1z5ZbgALbrAs/ELDhJw=

[DEBUG] Using pooled Channel &apos;[id: 0x36de7fa2, L:/127.0.0.1:54275 - R:localhost/127.0.0.1:50128]&apos; for &apos;POST&apos; to &apos;http://localhost:50128/session/605251523cca35a1a0c231435d50bb5a/url&apos;
[DEBUG] Using open Channel [id: 0x36de7fa2, L:/127.0.0.1:54275 - R:localhost/127.0.0.1:50128] for POST &apos;/session/605251523cca35a1a0c231435d50bb5a/url&apos;
[DEBUG] Entry count for : http://localhost:54276 : 1
[DEBUG] Entry count for : http://localhost:54276 : 1
[DEBUG] 

Request DefaultHttpRequest(decodeResult: success, version: HTTP/1.1)
POST /session/605251523cca35a1a0c231435d50bb5a/url HTTP/1.1
User-Agent: selenium/4.5.0 (java windows)
Content-Length: 51
Content-Type: application/json; charset=utf-8
host: localhost:50128
accept: */*

Response DefaultHttpResponse(decodeResult: success, version: HTTP/1.1)
HTTP/1.1 200 OK
Content-Type: application/json; charset=utf-8
cache-control: no-cache
content-length: 14

[DEBUG] Adding key: http://localhost:50128 for channel [id: 0x36de7fa2, L:/127.0.0.1:54275 - R:localhost/127.0.0.1:50128]
[DEBUG] Using pooled Channel &apos;[id: 0x36de7fa2, L:/127.0.0.1:54275 - R:localhost/127.0.0.1:50128]&apos; for &apos;POST&apos; to &apos;http://localhost:50128/session/605251523cca35a1a0c231435d50bb5a/element&apos;
[DEBUG] Using open Channel [id: 0x36de7fa2, L:/127.0.0.1:54275 - R:localhost/127.0.0.1:50128] for POST &apos;/session/605251523cca35a1a0c231435d50bb5a/element&apos;
[DEBUG] 

Request DefaultHttpRequest(decodeResult: success, version: HTTP/1.1)
POST /session/605251523cca35a1a0c231435d50bb5a/element HTTP/1.1
User-Agent: selenium/4.5.0 (java windows)
Content-Length: 53
Content-Type: application/json; charset=utf-8
host: localhost:50128
accept: */*

Response DefaultHttpResponse(decodeResult: success, version: HTTP/1.1)
HTTP/1.1 200 OK
Content-Type: application/json; charset=utf-8
cache-control: no-cache
content-length: 88

[DEBUG] Adding key: http://localhost:50128 for channel [id: 0x36de7fa2, L:/127.0.0.1:54275 - R:localhost/127.0.0.1:50128]
[DEBUG] Using pooled Channel &apos;[id: 0x36de7fa2, L:/127.0.0.1:54275 - R:localhost/127.0.0.1:50128]&apos; for &apos;POST&apos; to &apos;http://localhost:50128/session/605251523cca35a1a0c231435d50bb5a/element/56470629-b283-4518-ac9f-9e154b8b53b6/clear&apos;
[DEBUG] Using open Channel [id: 0x36de7fa2, L:/127.0.0.1:54275 - R:localhost/127.0.0.1:50128] for POST &apos;/session/605251523cca35a1a0c231435d50bb5a/element/56470629-b283-4518-ac9f-9e154b8b53b6/clear&apos;
[DEBUG] 

Request DefaultHttpRequest(decodeResult: success, version: HTTP/1.1)
POST /session/605251523cca35a1a0c231435d50bb5a/element/56470629-b283-4518-ac9f-9e154b8b53b6/clear HTTP/1.1
User-Agent: selenium/4.5.0 (java windows)
Content-Length: 50
Content-Type: application/json; charset=utf-8
host: localhost:50128
accept: */*

Response DefaultHttpResponse(decodeResult: success, version: HTTP/1.1)
HTTP/1.1 200 OK
Content-Type: application/json; charset=utf-8
cache-control: no-cache
content-length: 14

[DEBUG] Adding key: http://localhost:50128 for channel [id: 0x36de7fa2, L:/127.0.0.1:54275 - R:localhost/127.0.0.1:50128]
[DEBUG] Using pooled Channel &apos;[id: 0x36de7fa2, L:/127.0.0.1:54275 - R:localhost/127.0.0.1:50128]&apos; for &apos;POST&apos; to &apos;http://localhost:50128/session/605251523cca35a1a0c231435d50bb5a/element/56470629-b283-4518-ac9f-9e154b8b53b6/value&apos;
[DEBUG] Using open Channel [id: 0x36de7fa2, L:/127.0.0.1:54275 - R:localhost/127.0.0.1:50128] for POST &apos;/session/605251523cca35a1a0c231435d50bb5a/element/56470629-b283-4518-ac9f-9e154b8b53b6/value&apos;
[DEBUG] Entry count for : http://localhost:54276 : 1
[DEBUG] 

Request DefaultHttpRequest(decodeResult: success, version: HTTP/1.1)
POST /session/605251523cca35a1a0c231435d50bb5a/element/56470629-b283-4518-ac9f-9e154b8b53b6/value HTTP/1.1
User-Agent: selenium/4.5.0 (java windows)
Content-Length: 181
Content-Type: application/json; charset=utf-8
host: localhost:50128
accept: */*

Response DefaultHttpResponse(decodeResult: success, version: HTTP/1.1)
HTTP/1.1 200 OK
Content-Type: application/json; charset=utf-8
cache-control: no-cache
content-length: 14

[DEBUG] Adding key: http://localhost:50128 for channel [id: 0x36de7fa2, L:/127.0.0.1:54275 - R:localhost/127.0.0.1:50128]
[DEBUG] Using pooled Channel &apos;[id: 0x36de7fa2, L:/127.0.0.1:54275 - R:localhost/127.0.0.1:50128]&apos; for &apos;POST&apos; to &apos;http://localhost:50128/session/605251523cca35a1a0c231435d50bb5a/element&apos;
[DEBUG] Using open Channel [id: 0x36de7fa2, L:/127.0.0.1:54275 - R:localhost/127.0.0.1:50128] for POST &apos;/session/605251523cca35a1a0c231435d50bb5a/element&apos;
[DEBUG] 

Request DefaultHttpRequest(decodeResult: success, version: HTTP/1.1)
POST /session/605251523cca35a1a0c231435d50bb5a/element HTTP/1.1
User-Agent: selenium/4.5.0 (java windows)
Content-Length: 62
Content-Type: application/json; charset=utf-8
host: localhost:50128
accept: */*

Response DefaultHttpResponse(decodeResult: success, version: HTTP/1.1)
HTTP/1.1 200 OK
Content-Type: application/json; charset=utf-8
cache-control: no-cache
content-length: 88

[DEBUG] Adding key: http://localhost:50128 for channel [id: 0x36de7fa2, L:/127.0.0.1:54275 - R:localhost/127.0.0.1:50128]
[DEBUG] Using pooled Channel &apos;[id: 0x36de7fa2, L:/127.0.0.1:54275 - R:localhost/127.0.0.1:50128]&apos; for &apos;POST&apos; to &apos;http://localhost:50128/session/605251523cca35a1a0c231435d50bb5a/element/87e2958d-6517-46b4-a0a0-0df6f2bf7508/clear&apos;
[DEBUG] Using open Channel [id: 0x36de7fa2, L:/127.0.0.1:54275 - R:localhost/127.0.0.1:50128] for POST &apos;/session/605251523cca35a1a0c231435d50bb5a/element/87e2958d-6517-46b4-a0a0-0df6f2bf7508/clear&apos;
[DEBUG] 

Request DefaultHttpRequest(decodeResult: success, version: HTTP/1.1)
POST /session/605251523cca35a1a0c231435d50bb5a/element/87e2958d-6517-46b4-a0a0-0df6f2bf7508/clear HTTP/1.1
User-Agent: selenium/4.5.0 (java windows)
Content-Length: 50
Content-Type: application/json; charset=utf-8
host: localhost:50128
accept: */*

Response DefaultHttpResponse(decodeResult: success, version: HTTP/1.1)
HTTP/1.1 200 OK
Content-Type: application/json; charset=utf-8
cache-control: no-cache
content-length: 14

[DEBUG] Adding key: http://localhost:50128 for channel [id: 0x36de7fa2, L:/127.0.0.1:54275 - R:localhost/127.0.0.1:50128]
[DEBUG] Using pooled Channel &apos;[id: 0x36de7fa2, L:/127.0.0.1:54275 - R:localhost/127.0.0.1:50128]&apos; for &apos;POST&apos; to &apos;http://localhost:50128/session/605251523cca35a1a0c231435d50bb5a/element&apos;
[DEBUG] Using open Channel [id: 0x36de7fa2, L:/127.0.0.1:54275 - R:localhost/127.0.0.1:50128] for POST &apos;/session/605251523cca35a1a0c231435d50bb5a/element&apos;
[DEBUG] 

Request DefaultHttpRequest(decodeResult: success, version: HTTP/1.1)
POST /session/605251523cca35a1a0c231435d50bb5a/element HTTP/1.1
User-Agent: selenium/4.5.0 (java windows)
Content-Length: 62
Content-Type: application/json; charset=utf-8
host: localhost:50128
accept: */*

Response DefaultHttpResponse(decodeResult: success, version: HTTP/1.1)
HTTP/1.1 200 OK
Content-Type: application/json; charset=utf-8
cache-control: no-cache
content-length: 88

[DEBUG] Adding key: http://localhost:50128 for channel [id: 0x36de7fa2, L:/127.0.0.1:54275 - R:localhost/127.0.0.1:50128]
[DEBUG] Using pooled Channel &apos;[id: 0x36de7fa2, L:/127.0.0.1:54275 - R:localhost/127.0.0.1:50128]&apos; for &apos;POST&apos; to &apos;http://localhost:50128/session/605251523cca35a1a0c231435d50bb5a/element/87e2958d-6517-46b4-a0a0-0df6f2bf7508/value&apos;
[DEBUG] Using open Channel [id: 0x36de7fa2, L:/127.0.0.1:54275 - R:localhost/127.0.0.1:50128] for POST &apos;/session/605251523cca35a1a0c231435d50bb5a/element/87e2958d-6517-46b4-a0a0-0df6f2bf7508/value&apos;
[DEBUG] 

Request DefaultHttpRequest(decodeResult: success, version: HTTP/1.1)
POST /session/605251523cca35a1a0c231435d50bb5a/element/87e2958d-6517-46b4-a0a0-0df6f2bf7508/value HTTP/1.1
User-Agent: selenium/4.5.0 (java windows)
Content-Length: 161
Content-Type: application/json; charset=utf-8
host: localhost:50128
accept: */*

Response DefaultHttpResponse(decodeResult: success, version: HTTP/1.1)
HTTP/1.1 200 OK
Content-Type: application/json; charset=utf-8
cache-control: no-cache
content-length: 14

[DEBUG] Adding key: http://localhost:50128 for channel [id: 0x36de7fa2, L:/127.0.0.1:54275 - R:localhost/127.0.0.1:50128]
[DEBUG] Using pooled Channel &apos;[id: 0x36de7fa2, L:/127.0.0.1:54275 - R:localhost/127.0.0.1:50128]&apos; for &apos;POST&apos; to &apos;http://localhost:50128/session/605251523cca35a1a0c231435d50bb5a/element&apos;
[DEBUG] Using open Channel [id: 0x36de7fa2, L:/127.0.0.1:54275 - R:localhost/127.0.0.1:50128] for POST &apos;/session/605251523cca35a1a0c231435d50bb5a/element&apos;
[DEBUG] 

Request DefaultHttpRequest(decodeResult: success, version: HTTP/1.1)
POST /session/605251523cca35a1a0c231435d50bb5a/element HTTP/1.1
User-Agent: selenium/4.5.0 (java windows)
Content-Length: 53
Content-Type: application/json; charset=utf-8
host: localhost:50128
accept: */*

Response DefaultHttpResponse(decodeResult: success, version: HTTP/1.1)
HTTP/1.1 200 OK
Content-Type: application/json; charset=utf-8
cache-control: no-cache
content-length: 88

[DEBUG] Adding key: http://localhost:50128 for channel [id: 0x36de7fa2, L:/127.0.0.1:54275 - R:localhost/127.0.0.1:50128]
[DEBUG] Using pooled Channel &apos;[id: 0x36de7fa2, L:/127.0.0.1:54275 - R:localhost/127.0.0.1:50128]&apos; for &apos;POST&apos; to &apos;http://localhost:50128/session/605251523cca35a1a0c231435d50bb5a/element/56470629-b283-4518-ac9f-9e154b8b53b6/clear&apos;
[DEBUG] Using open Channel [id: 0x36de7fa2, L:/127.0.0.1:54275 - R:localhost/127.0.0.1:50128] for POST &apos;/session/605251523cca35a1a0c231435d50bb5a/element/56470629-b283-4518-ac9f-9e154b8b53b6/clear&apos;
[DEBUG] 

Request DefaultHttpRequest(decodeResult: success, version: HTTP/1.1)
POST /session/605251523cca35a1a0c231435d50bb5a/element/56470629-b283-4518-ac9f-9e154b8b53b6/clear HTTP/1.1
User-Agent: selenium/4.5.0 (java windows)
Content-Length: 50
Content-Type: application/json; charset=utf-8
host: localhost:50128
accept: */*

Response DefaultHttpResponse(decodeResult: success, version: HTTP/1.1)
HTTP/1.1 200 OK
Content-Type: application/json; charset=utf-8
cache-control: no-cache
content-length: 14

[DEBUG] Adding key: http://localhost:50128 for channel [id: 0x36de7fa2, L:/127.0.0.1:54275 - R:localhost/127.0.0.1:50128]
[DEBUG] Using pooled Channel &apos;[id: 0x36de7fa2, L:/127.0.0.1:54275 - R:localhost/127.0.0.1:50128]&apos; for &apos;POST&apos; to &apos;http://localhost:50128/session/605251523cca35a1a0c231435d50bb5a/element/56470629-b283-4518-ac9f-9e154b8b53b6/value&apos;
[DEBUG] Using open Channel [id: 0x36de7fa2, L:/127.0.0.1:54275 - R:localhost/127.0.0.1:50128] for POST &apos;/session/605251523cca35a1a0c231435d50bb5a/element/56470629-b283-4518-ac9f-9e154b8b53b6/value&apos;
[DEBUG] 

Request DefaultHttpRequest(decodeResult: success, version: HTTP/1.1)
POST /session/605251523cca35a1a0c231435d50bb5a/element/56470629-b283-4518-ac9f-9e154b8b53b6/value HTTP/1.1
User-Agent: selenium/4.5.0 (java windows)
Content-Length: 171
Content-Type: application/json; charset=utf-8
host: localhost:50128
accept: */*

Response DefaultHttpResponse(decodeResult: success, version: HTTP/1.1)
HTTP/1.1 200 OK
Content-Type: application/json; charset=utf-8
cache-control: no-cache
content-length: 14

[DEBUG] Adding key: http://localhost:50128 for channel [id: 0x36de7fa2, L:/127.0.0.1:54275 - R:localhost/127.0.0.1:50128]
[DEBUG] Using pooled Channel &apos;[id: 0x36de7fa2, L:/127.0.0.1:54275 - R:localhost/127.0.0.1:50128]&apos; for &apos;POST&apos; to &apos;http://localhost:50128/session/605251523cca35a1a0c231435d50bb5a/element&apos;
[DEBUG] Using open Channel [id: 0x36de7fa2, L:/127.0.0.1:54275 - R:localhost/127.0.0.1:50128] for POST &apos;/session/605251523cca35a1a0c231435d50bb5a/element&apos;
[DEBUG] 

Request DefaultHttpRequest(decodeResult: success, version: HTTP/1.1)
POST /session/605251523cca35a1a0c231435d50bb5a/element HTTP/1.1
User-Agent: selenium/4.5.0 (java windows)
Content-Length: 62
Content-Type: application/json; charset=utf-8
host: localhost:50128
accept: */*

Response DefaultHttpResponse(decodeResult: success, version: HTTP/1.1)
HTTP/1.1 200 OK
Content-Type: application/json; charset=utf-8
cache-control: no-cache
content-length: 88

[DEBUG] Adding key: http://localhost:50128 for channel [id: 0x36de7fa2, L:/127.0.0.1:54275 - R:localhost/127.0.0.1:50128]
[DEBUG] Using pooled Channel &apos;[id: 0x36de7fa2, L:/127.0.0.1:54275 - R:localhost/127.0.0.1:50128]&apos; for &apos;POST&apos; to &apos;http://localhost:50128/session/605251523cca35a1a0c231435d50bb5a/element/87e2958d-6517-46b4-a0a0-0df6f2bf7508/clear&apos;
[DEBUG] Using open Channel [id: 0x36de7fa2, L:/127.0.0.1:54275 - R:localhost/127.0.0.1:50128] for POST &apos;/session/605251523cca35a1a0c231435d50bb5a/element/87e2958d-6517-46b4-a0a0-0df6f2bf7508/clear&apos;
[DEBUG] 

Request DefaultHttpRequest(decodeResult: success, version: HTTP/1.1)
POST /session/605251523cca35a1a0c231435d50bb5a/element/87e2958d-6517-46b4-a0a0-0df6f2bf7508/clear HTTP/1.1
User-Agent: selenium/4.5.0 (java windows)
Content-Length: 50
Content-Type: application/json; charset=utf-8
host: localhost:50128
accept: */*

Response DefaultHttpResponse(decodeResult: success, version: HTTP/1.1)
HTTP/1.1 200 OK
Content-Type: application/json; charset=utf-8
cache-control: no-cache
content-length: 14

[DEBUG] Adding key: http://localhost:50128 for channel [id: 0x36de7fa2, L:/127.0.0.1:54275 - R:localhost/127.0.0.1:50128]
[DEBUG] Using pooled Channel &apos;[id: 0x36de7fa2, L:/127.0.0.1:54275 - R:localhost/127.0.0.1:50128]&apos; for &apos;POST&apos; to &apos;http://localhost:50128/session/605251523cca35a1a0c231435d50bb5a/element&apos;
[DEBUG] Using open Channel [id: 0x36de7fa2, L:/127.0.0.1:54275 - R:localhost/127.0.0.1:50128] for POST &apos;/session/605251523cca35a1a0c231435d50bb5a/element&apos;
[DEBUG] 

Request DefaultHttpRequest(decodeResult: success, version: HTTP/1.1)
POST /session/605251523cca35a1a0c231435d50bb5a/element HTTP/1.1
User-Agent: selenium/4.5.0 (java windows)
Content-Length: 62
Content-Type: application/json; charset=utf-8
host: localhost:50128
accept: */*

Response DefaultHttpResponse(decodeResult: success, version: HTTP/1.1)
HTTP/1.1 200 OK
Content-Type: application/json; charset=utf-8
cache-control: no-cache
content-length: 88

[DEBUG] Adding key: http://localhost:50128 for channel [id: 0x36de7fa2, L:/127.0.0.1:54275 - R:localhost/127.0.0.1:50128]
[DEBUG] Using pooled Channel &apos;[id: 0x36de7fa2, L:/127.0.0.1:54275 - R:localhost/127.0.0.1:50128]&apos; for &apos;POST&apos; to &apos;http://localhost:50128/session/605251523cca35a1a0c231435d50bb5a/element/87e2958d-6517-46b4-a0a0-0df6f2bf7508/value&apos;
[DEBUG] Using open Channel [id: 0x36de7fa2, L:/127.0.0.1:54275 - R:localhost/127.0.0.1:50128] for POST &apos;/session/605251523cca35a1a0c231435d50bb5a/element/87e2958d-6517-46b4-a0a0-0df6f2bf7508/value&apos;
[DEBUG] 

Request DefaultHttpRequest(decodeResult: success, version: HTTP/1.1)
POST /session/605251523cca35a1a0c231435d50bb5a/element/87e2958d-6517-46b4-a0a0-0df6f2bf7508/value HTTP/1.1
User-Agent: selenium/4.5.0 (java windows)
Content-Length: 201
Content-Type: application/json; charset=utf-8
host: localhost:50128
accept: */*

Response DefaultHttpResponse(decodeResult: success, version: HTTP/1.1)
HTTP/1.1 200 OK
Content-Type: application/json; charset=utf-8
cache-control: no-cache
content-length: 14

[DEBUG] Adding key: http://localhost:50128 for channel [id: 0x36de7fa2, L:/127.0.0.1:54275 - R:localhost/127.0.0.1:50128]
Inside When Method of Login
[DEBUG] Using pooled Channel &apos;[id: 0x36de7fa2, L:/127.0.0.1:54275 - R:localhost/127.0.0.1:50128]&apos; for &apos;POST&apos; to &apos;http://localhost:50128/session/605251523cca35a1a0c231435d50bb5a/elements&apos;
[DEBUG] Using open Channel [id: 0x36de7fa2, L:/127.0.0.1:54275 - R:localhost/127.0.0.1:50128] for POST &apos;/session/605251523cca35a1a0c231435d50bb5a/elements&apos;
[DEBUG] 

Request DefaultHttpRequest(decodeResult: success, version: HTTP/1.1)
POST /session/605251523cca35a1a0c231435d50bb5a/elements HTTP/1.1
User-Agent: selenium/4.5.0 (java windows)
Content-Length: 50
Content-Type: application/json; charset=utf-8
host: localhost:50128
accept: */*

Response DefaultHttpResponse(decodeResult: success, version: HTTP/1.1)
HTTP/1.1 200 OK
Content-Type: application/json; charset=utf-8
cache-control: no-cache
content-length: 90

[DEBUG] Adding key: http://localhost:50128 for channel [id: 0x36de7fa2, L:/127.0.0.1:54275 - R:localhost/127.0.0.1:50128]
[DEBUG] Using pooled Channel &apos;[id: 0x36de7fa2, L:/127.0.0.1:54275 - R:localhost/127.0.0.1:50128]&apos; for &apos;POST&apos; to &apos;http://localhost:50128/session/605251523cca35a1a0c231435d50bb5a/element/f2026d45-4e72-42a3-8a10-ab2d9c7108fd/click&apos;
[DEBUG] Using open Channel [id: 0x36de7fa2, L:/127.0.0.1:54275 - R:localhost/127.0.0.1:50128] for POST &apos;/session/605251523cca35a1a0c231435d50bb5a/element/f2026d45-4e72-42a3-8a10-ab2d9c7108fd/click&apos;
[DEBUG] Entry count for : http://localhost:54276 : 1
[DEBUG] Entry count for : http://localhost:54276 : 1
[DEBUG] Entry count for : http://localhost:54276 : 1
[DEBUG] 

Request DefaultHttpRequest(decodeResult: success, version: HTTP/1.1)
POST /session/605251523cca35a1a0c231435d50bb5a/element/f2026d45-4e72-42a3-8a10-ab2d9c7108fd/click HTTP/1.1
User-Agent: selenium/4.5.0 (java windows)
Content-Length: 50
Content-Type: application/json; charset=utf-8
host: localhost:50128
accept: */*

Response DefaultHttpResponse(decodeResult: success, version: HTTP/1.1)
HTTP/1.1 200 OK
Content-Type: application/json; charset=utf-8
cache-control: no-cache
content-length: 14

[DEBUG] Adding key: http://localhost:50128 for channel [id: 0x36de7fa2, L:/127.0.0.1:54275 - R:localhost/127.0.0.1:50128]
Inside Then Method of login successful
[DEBUG] Using pooled Channel &apos;[id: 0x36de7fa2, L:/127.0.0.1:54275 - R:localhost/127.0.0.1:50128]&apos; for &apos;POST&apos; to &apos;http://localhost:50128/session/605251523cca35a1a0c231435d50bb5a/element&apos;
[DEBUG] Using open Channel [id: 0x36de7fa2, L:/127.0.0.1:54275 - R:localhost/127.0.0.1:50128] for POST &apos;/session/605251523cca35a1a0c231435d50bb5a/element&apos;
[DEBUG] 

Request DefaultHttpRequest(decodeResult: success, version: HTTP/1.1)
POST /session/605251523cca35a1a0c231435d50bb5a/element HTTP/1.1
User-Agent: selenium/4.5.0 (java windows)
Content-Length: 67
Content-Type: application/json; charset=utf-8
host: localhost:50128
accept: */*

Response DefaultHttpResponse(decodeResult: success, version: HTTP/1.1)
HTTP/1.1 200 OK
Content-Type: application/json; charset=utf-8
cache-control: no-cache
content-length: 88

[DEBUG] Adding key: http://localhost:50128 for channel [id: 0x36de7fa2, L:/127.0.0.1:54275 - R:localhost/127.0.0.1:50128]
[DEBUG] Using pooled Channel &apos;[id: 0x36de7fa2, L:/127.0.0.1:54275 - R:localhost/127.0.0.1:50128]&apos; for &apos;POST&apos; to &apos;http://localhost:50128/session/605251523cca35a1a0c231435d50bb5a/execute/sync&apos;
[DEBUG] Using open Channel [id: 0x36de7fa2, L:/127.0.0.1:54275 - R:localhost/127.0.0.1:50128] for POST &apos;/session/605251523cca35a1a0c231435d50bb5a/execute/sync&apos;
[DEBUG] 

Request DefaultHttpRequest(decodeResult: success, version: HTTP/1.1)
POST /session/605251523cca35a1a0c231435d50bb5a/execute/sync HTTP/1.1
User-Agent: selenium/4.5.0 (java windows)
Content-Length: 47340
Content-Type: application/json; charset=utf-8
host: localhost:50128
accept: */*

Response DefaultHttpResponse(decodeResult: success, version: HTTP/1.1)
HTTP/1.1 200 OK
Content-Type: application/json; charset=utf-8
cache-control: no-cache
content-length: 28

[DEBUG] Adding key: http://localhost:50128 for channel [id: 0x36de7fa2, L:/127.0.0.1:54275 - R:localhost/127.0.0.1:50128]
</system-out>
    <system-err>Starting ChromeDriver 102.0.5005.61 (0e59bcc00cc4985ce39ad31c150065f159d95ad3-refs/branch-heads/5005@{#819}) on port 50128
Only local connections are allowed.
Please see https://chromedriver.chromium.org/security-considerations for suggestions on keeping ChromeDriver safe.
ChromeDriver was started successfully.
Oct 28, 2022 11:04:40 AM org.openqa.selenium.remote.ProtocolHandshake createSession
INFO: Detected upstream dialect: W3C
Oct 28, 2022 11:04:40 AM org.openqa.selenium.devtools.CdpVersionFinder findNearestMatch
WARNING: Unable to find an exact match for CDP version 102, so returning the closest version found: a no-op implementation
Oct 28, 2022 11:04:40 AM org.openqa.selenium.devtools.CdpVersionFinder findNearestMatch
INFO: Unable to find CDP implementation matching 102.
Oct 28, 2022 11:04:40 AM org.openqa.selenium.chromium.ChromiumDriver lambda$new$3
WARNING: Unable to find version of CDP to use for . You may need to include a dependency on a specific version of the CDP using something similar to `org.seleniumhq.selenium:selenium-devtools-v86:4.5.0` where the version (&quot;v86&quot;) matches the version of the chromium-based browser you&apos;re using and the version number of the artifact is the same as Selenium&apos;s.
</system-err>
  </testcase>
  <testcase classname="HotelApp login #2" name="Login Successful" time="2.054">
    <error message="Could not start a new session. Response code 500. Message: unknown error: unable to discover open window in chrome
  (Session info: chrome=102.0.5005.63) 
Host info: host: &apos;WINDOWS-UNR7VLH&apos;, ip: &apos;172.20.0.25&apos;
Build info: version: &apos;4.5.0&apos;, revision: &apos;fe167b119a&apos;
System info: os.name: &apos;Windows 10&apos;, os.arch: &apos;amd64&apos;, os.version: &apos;10.0&apos;, java.version: &apos;18.0.2.1&apos;
Driver info: org.openqa.selenium.chrome.ChromeDriver
Command: [null, newSession {capabilities=[Capabilities {browserName: chrome, goog:chromeOptions: {args: [], extensions: []}}], desiredCapabilities=Capabilities {browserName: chrome, goog:chromeOptions: {args: [], extensions: []}}}]" type="org.openqa.selenium.SessionNotCreatedException">org.openqa.selenium.SessionNotCreatedException: Could not start a new session. Response code 500. Message: unknown error: unable to discover open window in chrome
  (Session info: chrome=102.0.5005.63) 
Host info: host: &apos;WINDOWS-UNR7VLH&apos;, ip: &apos;172.20.0.25&apos;
Build info: version: &apos;4.5.0&apos;, revision: &apos;fe167b119a&apos;
System info: os.name: &apos;Windows 10&apos;, os.arch: &apos;amd64&apos;, os.version: &apos;10.0&apos;, java.version: &apos;18.0.2.1&apos;
Driver info: org.openqa.selenium.chrome.ChromeDriver
Command: [null, newSession {capabilities=[Capabilities {browserName: chrome, goog:chromeOptions: {args: [], extensions: []}}], desiredCapabilities=Capabilities {browserName: chrome, goog:chromeOptions: {args: [], extensions: []}}}]
	at org.openqa.selenium.remote.ProtocolHandshake.createSession(ProtocolHandshake.java:144)
	at org.openqa.selenium.remote.ProtocolHandshake.createSession(ProtocolHandshake.java:102)
	at org.openqa.selenium.remote.ProtocolHandshake.createSession(ProtocolHandshake.java:67)
	at org.openqa.selenium.remote.HttpCommandExecutor.execute(HttpCommandExecutor.java:156)
	at org.openqa.selenium.remote.service.DriverCommandExecutor.invokeExecute(DriverCommandExecutor.java:167)
	at org.openqa.selenium.remote.service.DriverCommandExecutor.execute(DriverCommandExecutor.java:142)
	at org.openqa.selenium.remote.RemoteWebDriver.execute(RemoteWebDriver.java:547)
	at org.openqa.selenium.remote.RemoteWebDriver.startSession(RemoteWebDriver.java:242)
	at org.openqa.selenium.remote.RemoteWebDriver.&lt;init&gt;(RemoteWebDriver.java:157)
	at org.openqa.selenium.chromium.ChromiumDriver.&lt;init&gt;(ChromiumDriver.java:101)
	at org.openqa.selenium.chrome.ChromeDriver.&lt;init&gt;(ChromeDriver.java:81)
	at org.openqa.selenium.chrome.ChromeDriver.&lt;init&gt;(ChromeDriver.java:49)
	at com.stepDefinition.Test_Steps.user_is_on_the_hotel_app_home_page(Test_Steps.java:27)
	at ✽.User is on the HotelApp HomePage(file:///C:/Users/Administrator/JavaWorkspace/HotelAppCucumDemo/Features/HotelApp.feature:5)
</error>
    <system-out>Inside Given Method
[DEBUG] Using new Channel &apos;[id: 0x65ba3e8d, L:/127.0.0.1:54300 - R:localhost/127.0.0.1:53112]&apos; for &apos;POST&apos; to &apos;/session&apos;
[DEBUG] Entry count for : http://localhost:50128 : 1
[DEBUG] Entry count for : http://localhost:54276 : 1
[DEBUG] Entry count for : http://localhost:50128 : 1
[DEBUG] Entry count for : http://localhost:54276 : 1
[DEBUG] 

Request DefaultHttpRequest(decodeResult: success, version: HTTP/1.1)
POST /session HTTP/1.1
User-Agent: selenium/4.5.0 (java windows)
Content-Length: 365
Content-Type: application/json; charset=utf-8
host: localhost:53112
accept: */*

Response DefaultHttpResponse(decodeResult: success, version: HTTP/1.1)
HTTP/1.1 500 Internal Server Error
Content-Type: application/json; charset=utf-8
cache-control: no-cache
content-length: 909

[DEBUG] Adding key: http://localhost:53112 for channel [id: 0x65ba3e8d, L:/127.0.0.1:54300 - R:localhost/127.0.0.1:53112]
[DEBUG] Channel Closed: [id: 0x65ba3e8d, L:/127.0.0.1:54300 ! R:localhost/127.0.0.1:53112] with attribute DISCARD
</system-out>
    <system-err>Starting ChromeDriver 102.0.5005.61 (0e59bcc00cc4985ce39ad31c150065f159d95ad3-refs/branch-heads/5005@{#819}) on port 53112
Only local connections are allowed.
Please see https://chromedriver.chromium.org/security-considerations for suggestions on keeping ChromeDriver safe.
ChromeDriver was started successfully.
</system-err>
  </testcase>
  <testcase classname="HotelApp login Param" name="Login Successful" time="6.67"/>
  <testcase classname="HotelApp" name="SearchHotel Successful" time="8.054"/>
  <testcase classname="HotelApp" name="Select Hotel" time="8.063"/>
  <testcase classname="HotelApp login #3" name="Login Successful #1" time="5.542"/>
  <testcase classname="HotelApp login #3" name="Login Successful #2" time="5.979">
    <failure message="expected:&lt;Hello [vasuvespag]!&gt; but was:&lt;Hello [aryan1207]!&gt;" type="org.junit.ComparisonFailure">org.junit.ComparisonFailure: expected:&lt;Hello [vasuvespag]!&gt; but was:&lt;Hello [aryan1207]!&gt;
	at org.junit.Assert.assertEquals(Assert.java:117)
	at org.junit.Assert.assertEquals(Assert.java:146)
	at com.stepDefinition.Test_Steps.login_is_successful(Test_Steps.java:68)
	at ✽.Login is successful(file:///C:/Users/Administrator/JavaWorkspace/HotelAppCucumDemo/Features/OutlineDemo.feature:9)
</failure>
    <system-out>Inside Given Method
[DEBUG] Using new Channel &apos;[id: 0xf43a96fc, L:/127.0.0.1:54417 - R:localhost/127.0.0.1:63731]&apos; for &apos;POST&apos; to &apos;/session&apos;
[DEBUG] Entry count for : http://localhost:50128 : 1
[DEBUG] Entry count for : http://localhost:54933 : 1
[DEBUG] Entry count for : http://localhost:54393 : 1
[DEBUG] Entry count for : http://localhost:54276 : 1
[DEBUG] Entry count for : http://localhost:54342 : 1
[DEBUG] Entry count for : http://localhost:50141 : 1
[DEBUG] Entry count for : http://localhost:61800 : 1
[DEBUG] Entry count for : http://localhost:52342 : 1
[DEBUG] Entry count for : http://localhost:54368 : 1
[DEBUG] Entry count for : http://localhost:54315 : 1
[DEBUG] 

Request DefaultHttpRequest(decodeResult: success, version: HTTP/1.1)
POST /session HTTP/1.1
User-Agent: selenium/4.5.0 (java windows)
Content-Length: 365
Content-Type: application/json; charset=utf-8
host: localhost:63731
accept: */*

Response DefaultHttpResponse(decodeResult: success, version: HTTP/1.1)
HTTP/1.1 200 OK
Content-Type: application/json; charset=utf-8
cache-control: no-cache
content-length: 793

[DEBUG] Adding key: http://localhost:63731 for channel [id: 0xf43a96fc, L:/127.0.0.1:54417 - R:localhost/127.0.0.1:63731]
[DEBUG] Using new Channel &apos;[id: 0x5d8a9d16, L:/127.0.0.1:54424 - R:localhost/127.0.0.1:54418]&apos; for &apos;GET&apos; to &apos;/json/version&apos;
[DEBUG] 

Request DefaultFullHttpRequest(decodeResult: success, version: HTTP/1.1, content: EmptyByteBufBE)
GET /json/version HTTP/1.1
User-Agent: selenium/4.5.0 (java windows)
host: localhost:54418
accept: */*

Response DefaultHttpResponse(decodeResult: success, version: HTTP/1.1)
HTTP/1.1 200 OK
Content-Type: application/json; charset=UTF-8
content-length: 426

[DEBUG] Adding key: http://localhost:54418 for channel [id: 0x5d8a9d16, L:/127.0.0.1:54424 - R:localhost/127.0.0.1:54418]
[DEBUG] Using new Channel &apos;[id: 0x05988fdd, L:/127.0.0.1:54426 - R:localhost/127.0.0.1:54418]&apos; for &apos;GET&apos; to &apos;/devtools/browser/4a286f7d-369f-4668-9b24-fc5f8ae22d5c&apos;
[DEBUG] 

Request DefaultFullHttpRequest(decodeResult: success, version: HTTP/1.1, content: EmptyByteBufBE)
GET /devtools/browser/4a286f7d-369f-4668-9b24-fc5f8ae22d5c HTTP/1.1
upgrade: websocket
connection: upgrade
sec-websocket-key: IjP2IbDz13fVHbsPsMiIOw==
sec-websocket-version: 13
origin: http://localhost:54418
host: localhost:54418
accept: */*
user-agent: AHC/2.1

Response DefaultHttpResponse(decodeResult: success, version: HTTP/1.1)
HTTP/1.1 101 WebSocket Protocol Handshake
Upgrade: WebSocket
Connection: Upgrade
Sec-WebSocket-Accept: wHaZV7hsb73xRJ04M/RQd+YQN9A=

[DEBUG] Using pooled Channel &apos;[id: 0xf43a96fc, L:/127.0.0.1:54417 - R:localhost/127.0.0.1:63731]&apos; for &apos;POST&apos; to &apos;http://localhost:63731/session/c24837058342f416c7bfa0df05dbaece/url&apos;
[DEBUG] Using open Channel [id: 0xf43a96fc, L:/127.0.0.1:54417 - R:localhost/127.0.0.1:63731] for POST &apos;/session/c24837058342f416c7bfa0df05dbaece/url&apos;
[DEBUG] Entry count for : http://localhost:54393 : 1
[DEBUG] Entry count for : http://localhost:54276 : 1
[DEBUG] Entry count for : http://localhost:54342 : 1
[DEBUG] Entry count for : http://localhost:50141 : 1
[DEBUG] Entry count for : http://localhost:52342 : 1
[DEBUG] Entry count for : http://localhost:54368 : 1
[DEBUG] Entry count for : http://localhost:54315 : 1
[DEBUG] Entry count for : http://localhost:54418 : 1
[DEBUG] Entry count for : http://localhost:50128 : 1
[DEBUG] Entry count for : http://localhost:54933 : 1
[DEBUG] Entry count for : http://localhost:61800 : 1
[DEBUG] Entry count for : http://localhost:54393 : 1
[DEBUG] Entry count for : http://localhost:54276 : 1
[DEBUG] Entry count for : http://localhost:54342 : 1
[DEBUG] Entry count for : http://localhost:50141 : 1
[DEBUG] Entry count for : http://localhost:52342 : 1
[DEBUG] Entry count for : http://localhost:54368 : 1
[DEBUG] Entry count for : http://localhost:54315 : 1
[DEBUG] Entry count for : http://localhost:54418 : 1
[DEBUG] Entry count for : http://localhost:50128 : 1
[DEBUG] Entry count for : http://localhost:54933 : 1
[DEBUG] Entry count for : http://localhost:61800 : 1
[DEBUG] 

Request DefaultHttpRequest(decodeResult: success, version: HTTP/1.1)
POST /session/c24837058342f416c7bfa0df05dbaece/url HTTP/1.1
User-Agent: selenium/4.5.0 (java windows)
Content-Length: 51
Content-Type: application/json; charset=utf-8
host: localhost:63731
accept: */*

Response DefaultHttpResponse(decodeResult: success, version: HTTP/1.1)
HTTP/1.1 200 OK
Content-Type: application/json; charset=utf-8
cache-control: no-cache
content-length: 14

[DEBUG] Adding key: http://localhost:63731 for channel [id: 0xf43a96fc, L:/127.0.0.1:54417 - R:localhost/127.0.0.1:63731]
[DEBUG] Using pooled Channel &apos;[id: 0xf43a96fc, L:/127.0.0.1:54417 - R:localhost/127.0.0.1:63731]&apos; for &apos;POST&apos; to &apos;http://localhost:63731/session/c24837058342f416c7bfa0df05dbaece/element&apos;
[DEBUG] Using open Channel [id: 0xf43a96fc, L:/127.0.0.1:54417 - R:localhost/127.0.0.1:63731] for POST &apos;/session/c24837058342f416c7bfa0df05dbaece/element&apos;
[DEBUG] 

Request DefaultHttpRequest(decodeResult: success, version: HTTP/1.1)
POST /session/c24837058342f416c7bfa0df05dbaece/element HTTP/1.1
User-Agent: selenium/4.5.0 (java windows)
Content-Length: 53
Content-Type: application/json; charset=utf-8
host: localhost:63731
accept: */*

Response DefaultHttpResponse(decodeResult: success, version: HTTP/1.1)
HTTP/1.1 200 OK
Content-Type: application/json; charset=utf-8
cache-control: no-cache
content-length: 88

[DEBUG] Adding key: http://localhost:63731 for channel [id: 0xf43a96fc, L:/127.0.0.1:54417 - R:localhost/127.0.0.1:63731]
[DEBUG] Using pooled Channel &apos;[id: 0xf43a96fc, L:/127.0.0.1:54417 - R:localhost/127.0.0.1:63731]&apos; for &apos;POST&apos; to &apos;http://localhost:63731/session/c24837058342f416c7bfa0df05dbaece/element/efe3b39f-3d8c-4d5e-aadd-f627d93b354a/clear&apos;
[DEBUG] Using open Channel [id: 0xf43a96fc, L:/127.0.0.1:54417 - R:localhost/127.0.0.1:63731] for POST &apos;/session/c24837058342f416c7bfa0df05dbaece/element/efe3b39f-3d8c-4d5e-aadd-f627d93b354a/clear&apos;
[DEBUG] 

Request DefaultHttpRequest(decodeResult: success, version: HTTP/1.1)
POST /session/c24837058342f416c7bfa0df05dbaece/element/efe3b39f-3d8c-4d5e-aadd-f627d93b354a/clear HTTP/1.1
User-Agent: selenium/4.5.0 (java windows)
Content-Length: 50
Content-Type: application/json; charset=utf-8
host: localhost:63731
accept: */*

Response DefaultHttpResponse(decodeResult: success, version: HTTP/1.1)
HTTP/1.1 200 OK
Content-Type: application/json; charset=utf-8
cache-control: no-cache
content-length: 14

[DEBUG] Adding key: http://localhost:63731 for channel [id: 0xf43a96fc, L:/127.0.0.1:54417 - R:localhost/127.0.0.1:63731]
[DEBUG] Using pooled Channel &apos;[id: 0xf43a96fc, L:/127.0.0.1:54417 - R:localhost/127.0.0.1:63731]&apos; for &apos;POST&apos; to &apos;http://localhost:63731/session/c24837058342f416c7bfa0df05dbaece/element/efe3b39f-3d8c-4d5e-aadd-f627d93b354a/value&apos;
[DEBUG] Using open Channel [id: 0xf43a96fc, L:/127.0.0.1:54417 - R:localhost/127.0.0.1:63731] for POST &apos;/session/c24837058342f416c7bfa0df05dbaece/element/efe3b39f-3d8c-4d5e-aadd-f627d93b354a/value&apos;
[DEBUG] 

Request DefaultHttpRequest(decodeResult: success, version: HTTP/1.1)
POST /session/c24837058342f416c7bfa0df05dbaece/element/efe3b39f-3d8c-4d5e-aadd-f627d93b354a/value HTTP/1.1
User-Agent: selenium/4.5.0 (java windows)
Content-Length: 171
Content-Type: application/json; charset=utf-8
host: localhost:63731
accept: */*

Response DefaultHttpResponse(decodeResult: success, version: HTTP/1.1)
HTTP/1.1 200 OK
Content-Type: application/json; charset=utf-8
cache-control: no-cache
content-length: 14

[DEBUG] Adding key: http://localhost:63731 for channel [id: 0xf43a96fc, L:/127.0.0.1:54417 - R:localhost/127.0.0.1:63731]
[DEBUG] Using pooled Channel &apos;[id: 0xf43a96fc, L:/127.0.0.1:54417 - R:localhost/127.0.0.1:63731]&apos; for &apos;POST&apos; to &apos;http://localhost:63731/session/c24837058342f416c7bfa0df05dbaece/element&apos;
[DEBUG] Using open Channel [id: 0xf43a96fc, L:/127.0.0.1:54417 - R:localhost/127.0.0.1:63731] for POST &apos;/session/c24837058342f416c7bfa0df05dbaece/element&apos;
[DEBUG] 

Request DefaultHttpRequest(decodeResult: success, version: HTTP/1.1)
POST /session/c24837058342f416c7bfa0df05dbaece/element HTTP/1.1
User-Agent: selenium/4.5.0 (java windows)
Content-Length: 62
Content-Type: application/json; charset=utf-8
host: localhost:63731
accept: */*

Response DefaultHttpResponse(decodeResult: success, version: HTTP/1.1)
HTTP/1.1 200 OK
Content-Type: application/json; charset=utf-8
cache-control: no-cache
content-length: 88

[DEBUG] Adding key: http://localhost:63731 for channel [id: 0xf43a96fc, L:/127.0.0.1:54417 - R:localhost/127.0.0.1:63731]
[DEBUG] Using pooled Channel &apos;[id: 0xf43a96fc, L:/127.0.0.1:54417 - R:localhost/127.0.0.1:63731]&apos; for &apos;POST&apos; to &apos;http://localhost:63731/session/c24837058342f416c7bfa0df05dbaece/element/d903ca17-f6fd-4096-af61-7fbaa2528558/clear&apos;
[DEBUG] Using open Channel [id: 0xf43a96fc, L:/127.0.0.1:54417 - R:localhost/127.0.0.1:63731] for POST &apos;/session/c24837058342f416c7bfa0df05dbaece/element/d903ca17-f6fd-4096-af61-7fbaa2528558/clear&apos;
[DEBUG] 

Request DefaultHttpRequest(decodeResult: success, version: HTTP/1.1)
POST /session/c24837058342f416c7bfa0df05dbaece/element/d903ca17-f6fd-4096-af61-7fbaa2528558/clear HTTP/1.1
User-Agent: selenium/4.5.0 (java windows)
Content-Length: 50
Content-Type: application/json; charset=utf-8
host: localhost:63731
accept: */*

Response DefaultHttpResponse(decodeResult: success, version: HTTP/1.1)
HTTP/1.1 200 OK
Content-Type: application/json; charset=utf-8
cache-control: no-cache
content-length: 14

[DEBUG] Adding key: http://localhost:63731 for channel [id: 0xf43a96fc, L:/127.0.0.1:54417 - R:localhost/127.0.0.1:63731]
[DEBUG] Using pooled Channel &apos;[id: 0xf43a96fc, L:/127.0.0.1:54417 - R:localhost/127.0.0.1:63731]&apos; for &apos;POST&apos; to &apos;http://localhost:63731/session/c24837058342f416c7bfa0df05dbaece/element&apos;
[DEBUG] Using open Channel [id: 0xf43a96fc, L:/127.0.0.1:54417 - R:localhost/127.0.0.1:63731] for POST &apos;/session/c24837058342f416c7bfa0df05dbaece/element&apos;
[DEBUG] 

Request DefaultHttpRequest(decodeResult: success, version: HTTP/1.1)
POST /session/c24837058342f416c7bfa0df05dbaece/element HTTP/1.1
User-Agent: selenium/4.5.0 (java windows)
Content-Length: 62
Content-Type: application/json; charset=utf-8
host: localhost:63731
accept: */*

Response DefaultHttpResponse(decodeResult: success, version: HTTP/1.1)
HTTP/1.1 200 OK
Content-Type: application/json; charset=utf-8
cache-control: no-cache
content-length: 88

[DEBUG] Adding key: http://localhost:63731 for channel [id: 0xf43a96fc, L:/127.0.0.1:54417 - R:localhost/127.0.0.1:63731]
[DEBUG] Using pooled Channel &apos;[id: 0xf43a96fc, L:/127.0.0.1:54417 - R:localhost/127.0.0.1:63731]&apos; for &apos;POST&apos; to &apos;http://localhost:63731/session/c24837058342f416c7bfa0df05dbaece/element/d903ca17-f6fd-4096-af61-7fbaa2528558/value&apos;
[DEBUG] Using open Channel [id: 0xf43a96fc, L:/127.0.0.1:54417 - R:localhost/127.0.0.1:63731] for POST &apos;/session/c24837058342f416c7bfa0df05dbaece/element/d903ca17-f6fd-4096-af61-7fbaa2528558/value&apos;
[DEBUG] 

Request DefaultHttpRequest(decodeResult: success, version: HTTP/1.1)
POST /session/c24837058342f416c7bfa0df05dbaece/element/d903ca17-f6fd-4096-af61-7fbaa2528558/value HTTP/1.1
User-Agent: selenium/4.5.0 (java windows)
Content-Length: 201
Content-Type: application/json; charset=utf-8
host: localhost:63731
accept: */*

Response DefaultHttpResponse(decodeResult: success, version: HTTP/1.1)
HTTP/1.1 200 OK
Content-Type: application/json; charset=utf-8
cache-control: no-cache
content-length: 14

[DEBUG] Adding key: http://localhost:63731 for channel [id: 0xf43a96fc, L:/127.0.0.1:54417 - R:localhost/127.0.0.1:63731]
Inside When Method of Login
[DEBUG] Using pooled Channel &apos;[id: 0xf43a96fc, L:/127.0.0.1:54417 - R:localhost/127.0.0.1:63731]&apos; for &apos;POST&apos; to &apos;http://localhost:63731/session/c24837058342f416c7bfa0df05dbaece/elements&apos;
[DEBUG] Using open Channel [id: 0xf43a96fc, L:/127.0.0.1:54417 - R:localhost/127.0.0.1:63731] for POST &apos;/session/c24837058342f416c7bfa0df05dbaece/elements&apos;
[DEBUG] 

Request DefaultHttpRequest(decodeResult: success, version: HTTP/1.1)
POST /session/c24837058342f416c7bfa0df05dbaece/elements HTTP/1.1
User-Agent: selenium/4.5.0 (java windows)
Content-Length: 50
Content-Type: application/json; charset=utf-8
host: localhost:63731
accept: */*

Response DefaultHttpResponse(decodeResult: success, version: HTTP/1.1)
HTTP/1.1 200 OK
Content-Type: application/json; charset=utf-8
cache-control: no-cache
content-length: 90

[DEBUG] Adding key: http://localhost:63731 for channel [id: 0xf43a96fc, L:/127.0.0.1:54417 - R:localhost/127.0.0.1:63731]
[DEBUG] Using pooled Channel &apos;[id: 0xf43a96fc, L:/127.0.0.1:54417 - R:localhost/127.0.0.1:63731]&apos; for &apos;POST&apos; to &apos;http://localhost:63731/session/c24837058342f416c7bfa0df05dbaece/element/6eddf969-2569-44f3-9ee8-d22c0a6d07f1/click&apos;
[DEBUG] Using open Channel [id: 0xf43a96fc, L:/127.0.0.1:54417 - R:localhost/127.0.0.1:63731] for POST &apos;/session/c24837058342f416c7bfa0df05dbaece/element/6eddf969-2569-44f3-9ee8-d22c0a6d07f1/click&apos;
[DEBUG] Entry count for : http://localhost:54393 : 1
[DEBUG] Entry count for : http://localhost:54276 : 1
[DEBUG] Entry count for : http://localhost:54342 : 1
[DEBUG] Entry count for : http://localhost:50141 : 1
[DEBUG] Entry count for : http://localhost:52342 : 1
[DEBUG] Entry count for : http://localhost:54368 : 1
[DEBUG] Entry count for : http://localhost:54315 : 1
[DEBUG] Entry count for : http://localhost:54418 : 1
[DEBUG] Entry count for : http://localhost:50128 : 1
[DEBUG] Entry count for : http://localhost:54933 : 1
[DEBUG] Entry count for : http://localhost:61800 : 1
[DEBUG] Entry count for : http://localhost:54393 : 1
[DEBUG] Entry count for : http://localhost:54276 : 1
[DEBUG] Entry count for : http://localhost:54342 : 1
[DEBUG] Entry count for : http://localhost:50141 : 1
[DEBUG] Entry count for : http://localhost:52342 : 1
[DEBUG] Entry count for : http://localhost:54368 : 1
[DEBUG] Entry count for : http://localhost:54315 : 1
[DEBUG] Entry count for : http://localhost:54418 : 1
[DEBUG] Entry count for : http://localhost:50128 : 1
[DEBUG] Entry count for : http://localhost:54933 : 1
[DEBUG] Entry count for : http://localhost:61800 : 1
[DEBUG] 

Request DefaultHttpRequest(decodeResult: success, version: HTTP/1.1)
POST /session/c24837058342f416c7bfa0df05dbaece/element/6eddf969-2569-44f3-9ee8-d22c0a6d07f1/click HTTP/1.1
User-Agent: selenium/4.5.0 (java windows)
Content-Length: 50
Content-Type: application/json; charset=utf-8
host: localhost:63731
accept: */*

Response DefaultHttpResponse(decodeResult: success, version: HTTP/1.1)
HTTP/1.1 200 OK
Content-Type: application/json; charset=utf-8
cache-control: no-cache
content-length: 14

[DEBUG] Adding key: http://localhost:63731 for channel [id: 0xf43a96fc, L:/127.0.0.1:54417 - R:localhost/127.0.0.1:63731]
Inside Then Method of login successful
[DEBUG] Using pooled Channel &apos;[id: 0xf43a96fc, L:/127.0.0.1:54417 - R:localhost/127.0.0.1:63731]&apos; for &apos;POST&apos; to &apos;http://localhost:63731/session/c24837058342f416c7bfa0df05dbaece/element&apos;
[DEBUG] Using open Channel [id: 0xf43a96fc, L:/127.0.0.1:54417 - R:localhost/127.0.0.1:63731] for POST &apos;/session/c24837058342f416c7bfa0df05dbaece/element&apos;
[DEBUG] 

Request DefaultHttpRequest(decodeResult: success, version: HTTP/1.1)
POST /session/c24837058342f416c7bfa0df05dbaece/element HTTP/1.1
User-Agent: selenium/4.5.0 (java windows)
Content-Length: 67
Content-Type: application/json; charset=utf-8
host: localhost:63731
accept: */*

Response DefaultHttpResponse(decodeResult: success, version: HTTP/1.1)
HTTP/1.1 200 OK
Content-Type: application/json; charset=utf-8
cache-control: no-cache
content-length: 88

[DEBUG] Adding key: http://localhost:63731 for channel [id: 0xf43a96fc, L:/127.0.0.1:54417 - R:localhost/127.0.0.1:63731]
[DEBUG] Using pooled Channel &apos;[id: 0xf43a96fc, L:/127.0.0.1:54417 - R:localhost/127.0.0.1:63731]&apos; for &apos;POST&apos; to &apos;http://localhost:63731/session/c24837058342f416c7bfa0df05dbaece/execute/sync&apos;
[DEBUG] Using open Channel [id: 0xf43a96fc, L:/127.0.0.1:54417 - R:localhost/127.0.0.1:63731] for POST &apos;/session/c24837058342f416c7bfa0df05dbaece/execute/sync&apos;
[DEBUG] 

Request DefaultHttpRequest(decodeResult: success, version: HTTP/1.1)
POST /session/c24837058342f416c7bfa0df05dbaece/execute/sync HTTP/1.1
User-Agent: selenium/4.5.0 (java windows)
Content-Length: 47340
Content-Type: application/json; charset=utf-8
host: localhost:63731
accept: */*

Response DefaultHttpResponse(decodeResult: success, version: HTTP/1.1)
HTTP/1.1 200 OK
Content-Type: application/json; charset=utf-8
cache-control: no-cache
content-length: 28

[DEBUG] Adding key: http://localhost:63731 for channel [id: 0xf43a96fc, L:/127.0.0.1:54417 - R:localhost/127.0.0.1:63731]
</system-out>
    <system-err>Starting ChromeDriver 102.0.5005.61 (0e59bcc00cc4985ce39ad31c150065f159d95ad3-refs/branch-heads/5005@{#819}) on port 63731
Only local connections are allowed.
Please see https://chromedriver.chromium.org/security-considerations for suggestions on keeping ChromeDriver safe.
ChromeDriver was started successfully.
Oct 28, 2022 11:05:19 AM org.openqa.selenium.remote.ProtocolHandshake createSession
INFO: Detected upstream dialect: W3C
Oct 28, 2022 11:05:19 AM org.openqa.selenium.devtools.CdpVersionFinder findNearestMatch
WARNING: Unable to find an exact match for CDP version 102, so returning the closest version found: a no-op implementation
Oct 28, 2022 11:05:19 AM org.openqa.selenium.devtools.CdpVersionFinder findNearestMatch
INFO: Unable to find CDP implementation matching 102.
Oct 28, 2022 11:05:19 AM org.openqa.selenium.chromium.ChromiumDriver lambda$new$3
WARNING: Unable to find version of CDP to use for . You may need to include a dependency on a specific version of the CDP using something similar to `org.seleniumhq.selenium:selenium-devtools-v86:4.5.0` where the version (&quot;v86&quot;) matches the version of the chromium-based browser you&apos;re using and the version number of the artifact is the same as Selenium&apos;s.
</system-err>
  </testcase>
</testsuite>