<?xml version="1.0" encoding="UTF-8" ?>
<testsuite tests="7" failures="2" name="Runner.TestRunner" time="55.721" errors="0" skipped="0">
  <properties>
[...]
</properties>
  <testcase classname="HotelApp login #1" name="Login Successful" time="14.595">
    <failure message="expected:&lt;Hello [vasuvespag]!&gt; but was:&lt;Hello [aryan1207]!&gt;" type="org.junit.ComparisonFailure">org.junit.ComparisonFailure: expected:&lt;Hello [vasuvespag]!&gt; but was:&lt;Hello [aryan1207]!&gt;
	at org.junit.Assert.assertEquals(Assert.java:117)
	at org.junit.Assert.assertEquals(Assert.java:146)
	at com.stepDefinition.Test_Steps.login_is_successful(Test_Steps.java:68)
	at ✽.Login is successful(file:///C:/Users/Administrator/JavaWorkspace/HotelAppCucumDemo/Features/DatatableDemo.feature:11)
</failure>
    <system-out>Inside Given Method
[DEBUG] Using SLF4J as the default logging framework
[DEBUG] -Dio.netty.leakDetection.level: simple
[DEBUG] -Dio.netty.leakDetection.targetRecords: 4
[DEBUG] Loaded default ResourceLeakDetector: io.netty.util.ResourceLeakDetector@32c726ee
[DEBUG] -Dio.netty.noUnsafe: false
[DEBUG] Java version: 8
[DEBUG] sun.misc.Unsafe.theUnsafe: available
[DEBUG] sun.misc.Unsafe.copyMemory: available
[DEBUG] sun.misc.Unsafe.storeFence: available
[DEBUG] java.nio.Buffer.address: available
[DEBUG] direct buffer constructor: available
[DEBUG] java.nio.Bits.unaligned: available, true
[DEBUG] jdk.internal.misc.Unsafe.allocateUninitializedArray(int): unavailable prior to Java9
[DEBUG] java.nio.DirectByteBuffer.&lt;init&gt;(long, int): available
[DEBUG] sun.misc.Unsafe: available
[DEBUG] -Dio.netty.tmpdir: C:\Windows\TEMP (java.io.tmpdir)
[DEBUG] -Dio.netty.bitMode: 64 (sun.arch.data.model)
[DEBUG] Platform: Windows
[DEBUG] -Dio.netty.maxDirectMemory: 3817865216 bytes
[DEBUG] -Dio.netty.uninitializedArrayAllocationThreshold: -1
[DEBUG] java.nio.ByteBuffer.cleaner(): available
[DEBUG] -Dio.netty.noPreferDirect: false
[DEBUG] org.jctools-core.MpscChunkedArrayQueue: available
[DEBUG] -Dio.netty.threadLocalMap.stringBuilder.initialSize: 1024
[DEBUG] -Dio.netty.threadLocalMap.stringBuilder.maxSize: 4096
[DEBUG] Default protocols (JDK): [TLSv1.2, TLSv1.1, TLSv1] 
[DEBUG] Default cipher suites (JDK): [TLS_ECDHE_ECDSA_WITH_AES_256_GCM_SHA384, TLS_ECDHE_ECDSA_WITH_AES_128_GCM_SHA256, TLS_ECDHE_RSA_WITH_AES_128_GCM_SHA256, TLS_ECDHE_RSA_WITH_AES_256_GCM_SHA384, TLS_ECDHE_RSA_WITH_AES_128_CBC_SHA, TLS_ECDHE_RSA_WITH_AES_256_CBC_SHA, TLS_RSA_WITH_AES_128_GCM_SHA256, TLS_RSA_WITH_AES_128_CBC_SHA, TLS_RSA_WITH_AES_256_CBC_SHA]
[DEBUG] -Dio.netty.eventLoopThreads: 8
[DEBUG] -Dio.netty.noKeySetOptimization: false
[DEBUG] -Dio.netty.selectorAutoRebuildThreshold: 512
[DEBUG] -Dio.netty.allocator.numHeapArenas: 8
[DEBUG] -Dio.netty.allocator.numDirectArenas: 8
[DEBUG] -Dio.netty.allocator.pageSize: 8192
[DEBUG] -Dio.netty.allocator.maxOrder: 9
[DEBUG] -Dio.netty.allocator.chunkSize: 4194304
[DEBUG] -Dio.netty.allocator.smallCacheSize: 256
[DEBUG] -Dio.netty.allocator.normalCacheSize: 64
[DEBUG] -Dio.netty.allocator.maxCachedBufferCapacity: 32768
[DEBUG] -Dio.netty.allocator.cacheTrimInterval: 8192
[DEBUG] -Dio.netty.allocator.cacheTrimIntervalMillis: 0
[DEBUG] -Dio.netty.allocator.useCacheForAllThreads: false
[DEBUG] -Dio.netty.allocator.maxCachedByteBuffersPerChunk: 1023
[DEBUG] -Dio.netty.allocator.type: pooled
[DEBUG] -Dio.netty.threadLocalDirectBufferSize: 0
[DEBUG] -Dio.netty.maxThreadLocalCharBufferSize: 16384
[DEBUG] -Dio.netty.processId: 5176 (auto-detected)
[DEBUG] -Djava.net.preferIPv4Stack: false
[DEBUG] -Djava.net.preferIPv6Addresses: false
[DEBUG] Loopback interface: lo (Software Loopback Interface 1, 127.0.0.1)
[DEBUG] Failed to get SOMAXCONN from sysctl and file \proc\sys\net\core\somaxconn. Default: 200
[DEBUG] -Dio.netty.machineId: 00:50:56:ff:fe:92:bb:79 (auto-detected)
[DEBUG] -Dio.netty.buffer.checkAccessible: true
[DEBUG] -Dio.netty.buffer.checkBounds: true
[DEBUG] Loaded default ResourceLeakDetector: io.netty.util.ResourceLeakDetector@4235d0c7
[DEBUG] Using new Channel &apos;[id: 0xb64dadac, L:/127.0.0.1:54576 - R:localhost/127.0.0.1:62408]&apos; for &apos;POST&apos; to &apos;/session&apos;
[DEBUG] -Dio.netty.recycler.maxCapacityPerThread: 4096
[DEBUG] -Dio.netty.recycler.ratio: 8
[DEBUG] -Dio.netty.recycler.chunkSize: 32
[DEBUG] -Dio.netty.recycler.blocking: false
[DEBUG] brotli4j not in the classpath; Brotli support will be unavailable.
[DEBUG] 

Request DefaultHttpRequest(decodeResult: success, version: HTTP/1.1)
POST /session HTTP/1.1
User-Agent: selenium/4.5.0 (java windows)
Content-Length: 365
Content-Type: application/json; charset=utf-8
host: localhost:62408
accept: */*

Response DefaultHttpResponse(decodeResult: success, version: HTTP/1.1)
HTTP/1.1 200 OK
Content-Type: application/json; charset=utf-8
cache-control: no-cache
content-length: 769

[DEBUG] Adding key: http://localhost:62408 for channel [id: 0xb64dadac, L:/127.0.0.1:54576 - R:localhost/127.0.0.1:62408]
[DEBUG] Entry count for : http://localhost:62408 : 1
[DEBUG] Using new Channel &apos;[id: 0x31514bde, L:/127.0.0.1:54587 - R:localhost/127.0.0.1:54577]&apos; for &apos;GET&apos; to &apos;/json/version&apos;
[DEBUG] 

Request DefaultFullHttpRequest(decodeResult: success, version: HTTP/1.1, content: EmptyByteBufBE)
GET /json/version HTTP/1.1
User-Agent: selenium/4.5.0 (java windows)
host: localhost:54577
accept: */*

Response DefaultHttpResponse(decodeResult: success, version: HTTP/1.1)
HTTP/1.1 200 OK
Content-Type: application/json; charset=UTF-8
content-length: 426

[DEBUG] Adding key: http://localhost:54577 for channel [id: 0x31514bde, L:/127.0.0.1:54587 - R:localhost/127.0.0.1:54577]
[DEBUG] -Dio.netty.initialSeedUniquifier: 0xb4c301a103f780a6
[DEBUG] Using new Channel &apos;[id: 0xbf6e5438, L:/127.0.0.1:54588 - R:localhost/127.0.0.1:54577]&apos; for &apos;GET&apos; to &apos;/devtools/browser/feda6eb9-c3bc-4b2a-b309-a883e4eb7b9e&apos;
[DEBUG] 

Request DefaultFullHttpRequest(decodeResult: success, version: HTTP/1.1, content: EmptyByteBufBE)
GET /devtools/browser/feda6eb9-c3bc-4b2a-b309-a883e4eb7b9e HTTP/1.1
upgrade: websocket
connection: upgrade
sec-websocket-key: IMp5gXhw1q2vSrFxt34ESQ==
sec-websocket-version: 13
origin: http://localhost:54577
host: localhost:54577
accept: */*
user-agent: AHC/2.1

Response DefaultHttpResponse(decodeResult: success, version: HTTP/1.1)
HTTP/1.1 101 WebSocket Protocol Handshake
Upgrade: WebSocket
Connection: Upgrade
Sec-WebSocket-Accept: tNXAhY5KJ5Nka5F8GBOvorG+PG8=

[DEBUG] Using pooled Channel &apos;[id: 0xb64dadac, L:/127.0.0.1:54576 - R:localhost/127.0.0.1:62408]&apos; for &apos;POST&apos; to &apos;http://localhost:62408/session/77beaf4100b6efdf6a0a74bdb9ec922b/url&apos;
[DEBUG] Using open Channel [id: 0xb64dadac, L:/127.0.0.1:54576 - R:localhost/127.0.0.1:62408] for POST &apos;/session/77beaf4100b6efdf6a0a74bdb9ec922b/url&apos;
[DEBUG] Entry count for : http://localhost:54577 : 1
[DEBUG] 

Request DefaultHttpRequest(decodeResult: success, version: HTTP/1.1)
POST /session/77beaf4100b6efdf6a0a74bdb9ec922b/url HTTP/1.1
User-Agent: selenium/4.5.0 (java windows)
Content-Length: 51
Content-Type: application/json; charset=utf-8
host: localhost:62408
accept: */*

Response DefaultHttpResponse(decodeResult: success, version: HTTP/1.1)
HTTP/1.1 200 OK
Content-Type: application/json; charset=utf-8
cache-control: no-cache
content-length: 14

[DEBUG] Adding key: http://localhost:62408 for channel [id: 0xb64dadac, L:/127.0.0.1:54576 - R:localhost/127.0.0.1:62408]
[DEBUG] Using pooled Channel &apos;[id: 0xb64dadac, L:/127.0.0.1:54576 - R:localhost/127.0.0.1:62408]&apos; for &apos;POST&apos; to &apos;http://localhost:62408/session/77beaf4100b6efdf6a0a74bdb9ec922b/element&apos;
[DEBUG] Using open Channel [id: 0xb64dadac, L:/127.0.0.1:54576 - R:localhost/127.0.0.1:62408] for POST &apos;/session/77beaf4100b6efdf6a0a74bdb9ec922b/element&apos;
[DEBUG] 

Request DefaultHttpRequest(decodeResult: success, version: HTTP/1.1)
POST /session/77beaf4100b6efdf6a0a74bdb9ec922b/element HTTP/1.1
User-Agent: selenium/4.5.0 (java windows)
Content-Length: 53
Content-Type: application/json; charset=utf-8
host: localhost:62408
accept: */*

Response DefaultHttpResponse(decodeResult: success, version: HTTP/1.1)
HTTP/1.1 200 OK
Content-Type: application/json; charset=utf-8
cache-control: no-cache
content-length: 88

[DEBUG] Adding key: http://localhost:62408 for channel [id: 0xb64dadac, L:/127.0.0.1:54576 - R:localhost/127.0.0.1:62408]
[DEBUG] Using pooled Channel &apos;[id: 0xb64dadac, L:/127.0.0.1:54576 - R:localhost/127.0.0.1:62408]&apos; for &apos;POST&apos; to &apos;http://localhost:62408/session/77beaf4100b6efdf6a0a74bdb9ec922b/element/1248176e-d178-4eaa-ab18-c954ac49db1d/clear&apos;
[DEBUG] Using open Channel [id: 0xb64dadac, L:/127.0.0.1:54576 - R:localhost/127.0.0.1:62408] for POST &apos;/session/77beaf4100b6efdf6a0a74bdb9ec922b/element/1248176e-d178-4eaa-ab18-c954ac49db1d/clear&apos;
[DEBUG] 

Request DefaultHttpRequest(decodeResult: success, version: HTTP/1.1)
POST /session/77beaf4100b6efdf6a0a74bdb9ec922b/element/1248176e-d178-4eaa-ab18-c954ac49db1d/clear HTTP/1.1
User-Agent: selenium/4.5.0 (java windows)
Content-Length: 50
Content-Type: application/json; charset=utf-8
host: localhost:62408
accept: */*

Response DefaultHttpResponse(decodeResult: success, version: HTTP/1.1)
HTTP/1.1 200 OK
Content-Type: application/json; charset=utf-8
cache-control: no-cache
content-length: 14

[DEBUG] Adding key: http://localhost:62408 for channel [id: 0xb64dadac, L:/127.0.0.1:54576 - R:localhost/127.0.0.1:62408]
[DEBUG] Using pooled Channel &apos;[id: 0xb64dadac, L:/127.0.0.1:54576 - R:localhost/127.0.0.1:62408]&apos; for &apos;POST&apos; to &apos;http://localhost:62408/session/77beaf4100b6efdf6a0a74bdb9ec922b/element/1248176e-d178-4eaa-ab18-c954ac49db1d/value&apos;
[DEBUG] Using open Channel [id: 0xb64dadac, L:/127.0.0.1:54576 - R:localhost/127.0.0.1:62408] for POST &apos;/session/77beaf4100b6efdf6a0a74bdb9ec922b/element/1248176e-d178-4eaa-ab18-c954ac49db1d/value&apos;
[DEBUG] 

Request DefaultHttpRequest(decodeResult: success, version: HTTP/1.1)
POST /session/77beaf4100b6efdf6a0a74bdb9ec922b/element/1248176e-d178-4eaa-ab18-c954ac49db1d/value HTTP/1.1
User-Agent: selenium/4.5.0 (java windows)
Content-Length: 181
Content-Type: application/json; charset=utf-8
host: localhost:62408
accept: */*

Response DefaultHttpResponse(decodeResult: success, version: HTTP/1.1)
HTTP/1.1 200 OK
Content-Type: application/json; charset=utf-8
cache-control: no-cache
content-length: 14

[DEBUG] Adding key: http://localhost:62408 for channel [id: 0xb64dadac, L:/127.0.0.1:54576 - R:localhost/127.0.0.1:62408]
[DEBUG] Using pooled Channel &apos;[id: 0xb64dadac, L:/127.0.0.1:54576 - R:localhost/127.0.0.1:62408]&apos; for &apos;POST&apos; to &apos;http://localhost:62408/session/77beaf4100b6efdf6a0a74bdb9ec922b/element&apos;
[DEBUG] Using open Channel [id: 0xb64dadac, L:/127.0.0.1:54576 - R:localhost/127.0.0.1:62408] for POST &apos;/session/77beaf4100b6efdf6a0a74bdb9ec922b/element&apos;
[DEBUG] Entry count for : http://localhost:54577 : 1
[DEBUG] 

Request DefaultHttpRequest(decodeResult: success, version: HTTP/1.1)
POST /session/77beaf4100b6efdf6a0a74bdb9ec922b/element HTTP/1.1
User-Agent: selenium/4.5.0 (java windows)
Content-Length: 62
Content-Type: application/json; charset=utf-8
host: localhost:62408
accept: */*

Response DefaultHttpResponse(decodeResult: success, version: HTTP/1.1)
HTTP/1.1 200 OK
Content-Type: application/json; charset=utf-8
cache-control: no-cache
content-length: 88

[DEBUG] Adding key: http://localhost:62408 for channel [id: 0xb64dadac, L:/127.0.0.1:54576 - R:localhost/127.0.0.1:62408]
[DEBUG] Using pooled Channel &apos;[id: 0xb64dadac, L:/127.0.0.1:54576 - R:localhost/127.0.0.1:62408]&apos; for &apos;POST&apos; to &apos;http://localhost:62408/session/77beaf4100b6efdf6a0a74bdb9ec922b/element/f3b15991-93f0-4f7e-892f-d5bdfe44bcf6/clear&apos;
[DEBUG] Using open Channel [id: 0xb64dadac, L:/127.0.0.1:54576 - R:localhost/127.0.0.1:62408] for POST &apos;/session/77beaf4100b6efdf6a0a74bdb9ec922b/element/f3b15991-93f0-4f7e-892f-d5bdfe44bcf6/clear&apos;
[DEBUG] 

Request DefaultHttpRequest(decodeResult: success, version: HTTP/1.1)
POST /session/77beaf4100b6efdf6a0a74bdb9ec922b/element/f3b15991-93f0-4f7e-892f-d5bdfe44bcf6/clear HTTP/1.1
User-Agent: selenium/4.5.0 (java windows)
Content-Length: 50
Content-Type: application/json; charset=utf-8
host: localhost:62408
accept: */*

Response DefaultHttpResponse(decodeResult: success, version: HTTP/1.1)
HTTP/1.1 200 OK
Content-Type: application/json; charset=utf-8
cache-control: no-cache
content-length: 14

[DEBUG] Adding key: http://localhost:62408 for channel [id: 0xb64dadac, L:/127.0.0.1:54576 - R:localhost/127.0.0.1:62408]
[DEBUG] Using pooled Channel &apos;[id: 0xb64dadac, L:/127.0.0.1:54576 - R:localhost/127.0.0.1:62408]&apos; for &apos;POST&apos; to &apos;http://localhost:62408/session/77beaf4100b6efdf6a0a74bdb9ec922b/element&apos;
[DEBUG] Using open Channel [id: 0xb64dadac, L:/127.0.0.1:54576 - R:localhost/127.0.0.1:62408] for POST &apos;/session/77beaf4100b6efdf6a0a74bdb9ec922b/element&apos;
[DEBUG] 

Request DefaultHttpRequest(decodeResult: success, version: HTTP/1.1)
POST /session/77beaf4100b6efdf6a0a74bdb9ec922b/element HTTP/1.1
User-Agent: selenium/4.5.0 (java windows)
Content-Length: 62
Content-Type: application/json; charset=utf-8
host: localhost:62408
accept: */*

Response DefaultHttpResponse(decodeResult: success, version: HTTP/1.1)
HTTP/1.1 200 OK
Content-Type: application/json; charset=utf-8
cache-control: no-cache
content-length: 88

[DEBUG] Adding key: http://localhost:62408 for channel [id: 0xb64dadac, L:/127.0.0.1:54576 - R:localhost/127.0.0.1:62408]
[DEBUG] Using pooled Channel &apos;[id: 0xb64dadac, L:/127.0.0.1:54576 - R:localhost/127.0.0.1:62408]&apos; for &apos;POST&apos; to &apos;http://localhost:62408/session/77beaf4100b6efdf6a0a74bdb9ec922b/element/f3b15991-93f0-4f7e-892f-d5bdfe44bcf6/value&apos;
[DEBUG] Using open Channel [id: 0xb64dadac, L:/127.0.0.1:54576 - R:localhost/127.0.0.1:62408] for POST &apos;/session/77beaf4100b6efdf6a0a74bdb9ec922b/element/f3b15991-93f0-4f7e-892f-d5bdfe44bcf6/value&apos;
[DEBUG] 

Request DefaultHttpRequest(decodeResult: success, version: HTTP/1.1)
POST /session/77beaf4100b6efdf6a0a74bdb9ec922b/element/f3b15991-93f0-4f7e-892f-d5bdfe44bcf6/value HTTP/1.1
User-Agent: selenium/4.5.0 (java windows)
Content-Length: 161
Content-Type: application/json; charset=utf-8
host: localhost:62408
accept: */*

Response DefaultHttpResponse(decodeResult: success, version: HTTP/1.1)
HTTP/1.1 200 OK
Content-Type: application/json; charset=utf-8
cache-control: no-cache
content-length: 14

[DEBUG] Adding key: http://localhost:62408 for channel [id: 0xb64dadac, L:/127.0.0.1:54576 - R:localhost/127.0.0.1:62408]
[DEBUG] Using pooled Channel &apos;[id: 0xb64dadac, L:/127.0.0.1:54576 - R:localhost/127.0.0.1:62408]&apos; for &apos;POST&apos; to &apos;http://localhost:62408/session/77beaf4100b6efdf6a0a74bdb9ec922b/element&apos;
[DEBUG] Using open Channel [id: 0xb64dadac, L:/127.0.0.1:54576 - R:localhost/127.0.0.1:62408] for POST &apos;/session/77beaf4100b6efdf6a0a74bdb9ec922b/element&apos;
[DEBUG] 

Request DefaultHttpRequest(decodeResult: success, version: HTTP/1.1)
POST /session/77beaf4100b6efdf6a0a74bdb9ec922b/element HTTP/1.1
User-Agent: selenium/4.5.0 (java windows)
Content-Length: 53
Content-Type: application/json; charset=utf-8
host: localhost:62408
accept: */*

Response DefaultHttpResponse(decodeResult: success, version: HTTP/1.1)
HTTP/1.1 200 OK
Content-Type: application/json; charset=utf-8
cache-control: no-cache
content-length: 88

[DEBUG] Adding key: http://localhost:62408 for channel [id: 0xb64dadac, L:/127.0.0.1:54576 - R:localhost/127.0.0.1:62408]
[DEBUG] Using pooled Channel &apos;[id: 0xb64dadac, L:/127.0.0.1:54576 - R:localhost/127.0.0.1:62408]&apos; for &apos;POST&apos; to &apos;http://localhost:62408/session/77beaf4100b6efdf6a0a74bdb9ec922b/element/1248176e-d178-4eaa-ab18-c954ac49db1d/clear&apos;
[DEBUG] Using open Channel [id: 0xb64dadac, L:/127.0.0.1:54576 - R:localhost/127.0.0.1:62408] for POST &apos;/session/77beaf4100b6efdf6a0a74bdb9ec922b/element/1248176e-d178-4eaa-ab18-c954ac49db1d/clear&apos;
[DEBUG] 

Request DefaultHttpRequest(decodeResult: success, version: HTTP/1.1)
POST /session/77beaf4100b6efdf6a0a74bdb9ec922b/element/1248176e-d178-4eaa-ab18-c954ac49db1d/clear HTTP/1.1
User-Agent: selenium/4.5.0 (java windows)
Content-Length: 50
Content-Type: application/json; charset=utf-8
host: localhost:62408
accept: */*

Response DefaultHttpResponse(decodeResult: success, version: HTTP/1.1)
HTTP/1.1 200 OK
Content-Type: application/json; charset=utf-8
cache-control: no-cache
content-length: 14

[DEBUG] Adding key: http://localhost:62408 for channel [id: 0xb64dadac, L:/127.0.0.1:54576 - R:localhost/127.0.0.1:62408]
[DEBUG] Using pooled Channel &apos;[id: 0xb64dadac, L:/127.0.0.1:54576 - R:localhost/127.0.0.1:62408]&apos; for &apos;POST&apos; to &apos;http://localhost:62408/session/77beaf4100b6efdf6a0a74bdb9ec922b/element/1248176e-d178-4eaa-ab18-c954ac49db1d/value&apos;
[DEBUG] Using open Channel [id: 0xb64dadac, L:/127.0.0.1:54576 - R:localhost/127.0.0.1:62408] for POST &apos;/session/77beaf4100b6efdf6a0a74bdb9ec922b/element/1248176e-d178-4eaa-ab18-c954ac49db1d/value&apos;
[DEBUG] 

Request DefaultHttpRequest(decodeResult: success, version: HTTP/1.1)
POST /session/77beaf4100b6efdf6a0a74bdb9ec922b/element/1248176e-d178-4eaa-ab18-c954ac49db1d/value HTTP/1.1
User-Agent: selenium/4.5.0 (java windows)
Content-Length: 171
Content-Type: application/json; charset=utf-8
host: localhost:62408
accept: */*

Response DefaultHttpResponse(decodeResult: success, version: HTTP/1.1)
HTTP/1.1 200 OK
Content-Type: application/json; charset=utf-8
cache-control: no-cache
content-length: 14

[DEBUG] Adding key: http://localhost:62408 for channel [id: 0xb64dadac, L:/127.0.0.1:54576 - R:localhost/127.0.0.1:62408]
[DEBUG] Using pooled Channel &apos;[id: 0xb64dadac, L:/127.0.0.1:54576 - R:localhost/127.0.0.1:62408]&apos; for &apos;POST&apos; to &apos;http://localhost:62408/session/77beaf4100b6efdf6a0a74bdb9ec922b/element&apos;
[DEBUG] Using open Channel [id: 0xb64dadac, L:/127.0.0.1:54576 - R:localhost/127.0.0.1:62408] for POST &apos;/session/77beaf4100b6efdf6a0a74bdb9ec922b/element&apos;
[DEBUG] 

Request DefaultHttpRequest(decodeResult: success, version: HTTP/1.1)
POST /session/77beaf4100b6efdf6a0a74bdb9ec922b/element HTTP/1.1
User-Agent: selenium/4.5.0 (java windows)
Content-Length: 62
Content-Type: application/json; charset=utf-8
host: localhost:62408
accept: */*

Response DefaultHttpResponse(decodeResult: success, version: HTTP/1.1)
HTTP/1.1 200 OK
Content-Type: application/json; charset=utf-8
cache-control: no-cache
content-length: 88

[DEBUG] Adding key: http://localhost:62408 for channel [id: 0xb64dadac, L:/127.0.0.1:54576 - R:localhost/127.0.0.1:62408]
[DEBUG] Using pooled Channel &apos;[id: 0xb64dadac, L:/127.0.0.1:54576 - R:localhost/127.0.0.1:62408]&apos; for &apos;POST&apos; to &apos;http://localhost:62408/session/77beaf4100b6efdf6a0a74bdb9ec922b/element/f3b15991-93f0-4f7e-892f-d5bdfe44bcf6/clear&apos;
[DEBUG] Using open Channel [id: 0xb64dadac, L:/127.0.0.1:54576 - R:localhost/127.0.0.1:62408] for POST &apos;/session/77beaf4100b6efdf6a0a74bdb9ec922b/element/f3b15991-93f0-4f7e-892f-d5bdfe44bcf6/clear&apos;
[DEBUG] 

Request DefaultHttpRequest(decodeResult: success, version: HTTP/1.1)
POST /session/77beaf4100b6efdf6a0a74bdb9ec922b/element/f3b15991-93f0-4f7e-892f-d5bdfe44bcf6/clear HTTP/1.1
User-Agent: selenium/4.5.0 (java windows)
Content-Length: 50
Content-Type: application/json; charset=utf-8
host: localhost:62408
accept: */*

Response DefaultHttpResponse(decodeResult: success, version: HTTP/1.1)
HTTP/1.1 200 OK
Content-Type: application/json; charset=utf-8
cache-control: no-cache
content-length: 14

[DEBUG] Adding key: http://localhost:62408 for channel [id: 0xb64dadac, L:/127.0.0.1:54576 - R:localhost/127.0.0.1:62408]
[DEBUG] Using pooled Channel &apos;[id: 0xb64dadac, L:/127.0.0.1:54576 - R:localhost/127.0.0.1:62408]&apos; for &apos;POST&apos; to &apos;http://localhost:62408/session/77beaf4100b6efdf6a0a74bdb9ec922b/element&apos;
[DEBUG] Using open Channel [id: 0xb64dadac, L:/127.0.0.1:54576 - R:localhost/127.0.0.1:62408] for POST &apos;/session/77beaf4100b6efdf6a0a74bdb9ec922b/element&apos;
[DEBUG] 

Request DefaultHttpRequest(decodeResult: success, version: HTTP/1.1)
POST /session/77beaf4100b6efdf6a0a74bdb9ec922b/element HTTP/1.1
User-Agent: selenium/4.5.0 (java windows)
Content-Length: 62
Content-Type: application/json; charset=utf-8
host: localhost:62408
accept: */*

Response DefaultHttpResponse(decodeResult: success, version: HTTP/1.1)
HTTP/1.1 200 OK
Content-Type: application/json; charset=utf-8
cache-control: no-cache
content-length: 88

[DEBUG] Adding key: http://localhost:62408 for channel [id: 0xb64dadac, L:/127.0.0.1:54576 - R:localhost/127.0.0.1:62408]
[DEBUG] Using pooled Channel &apos;[id: 0xb64dadac, L:/127.0.0.1:54576 - R:localhost/127.0.0.1:62408]&apos; for &apos;POST&apos; to &apos;http://localhost:62408/session/77beaf4100b6efdf6a0a74bdb9ec922b/element/f3b15991-93f0-4f7e-892f-d5bdfe44bcf6/value&apos;
[DEBUG] Using open Channel [id: 0xb64dadac, L:/127.0.0.1:54576 - R:localhost/127.0.0.1:62408] for POST &apos;/session/77beaf4100b6efdf6a0a74bdb9ec922b/element/f3b15991-93f0-4f7e-892f-d5bdfe44bcf6/value&apos;
[DEBUG] 

Request DefaultHttpRequest(decodeResult: success, version: HTTP/1.1)
POST /session/77beaf4100b6efdf6a0a74bdb9ec922b/element/f3b15991-93f0-4f7e-892f-d5bdfe44bcf6/value HTTP/1.1
User-Agent: selenium/4.5.0 (java windows)
Content-Length: 201
Content-Type: application/json; charset=utf-8
host: localhost:62408
accept: */*

Response DefaultHttpResponse(decodeResult: success, version: HTTP/1.1)
HTTP/1.1 200 OK
Content-Type: application/json; charset=utf-8
cache-control: no-cache
content-length: 14

[DEBUG] Adding key: http://localhost:62408 for channel [id: 0xb64dadac, L:/127.0.0.1:54576 - R:localhost/127.0.0.1:62408]
Inside When Method of Login
[DEBUG] Using pooled Channel &apos;[id: 0xb64dadac, L:/127.0.0.1:54576 - R:localhost/127.0.0.1:62408]&apos; for &apos;POST&apos; to &apos;http://localhost:62408/session/77beaf4100b6efdf6a0a74bdb9ec922b/elements&apos;
[DEBUG] Using open Channel [id: 0xb64dadac, L:/127.0.0.1:54576 - R:localhost/127.0.0.1:62408] for POST &apos;/session/77beaf4100b6efdf6a0a74bdb9ec922b/elements&apos;
[DEBUG] Entry count for : http://localhost:54577 : 1
[DEBUG] 

Request DefaultHttpRequest(decodeResult: success, version: HTTP/1.1)
POST /session/77beaf4100b6efdf6a0a74bdb9ec922b/elements HTTP/1.1
User-Agent: selenium/4.5.0 (java windows)
Content-Length: 50
Content-Type: application/json; charset=utf-8
host: localhost:62408
accept: */*

Response DefaultHttpResponse(decodeResult: success, version: HTTP/1.1)
HTTP/1.1 200 OK
Content-Type: application/json; charset=utf-8
cache-control: no-cache
content-length: 90

[DEBUG] Adding key: http://localhost:62408 for channel [id: 0xb64dadac, L:/127.0.0.1:54576 - R:localhost/127.0.0.1:62408]
[DEBUG] Using pooled Channel &apos;[id: 0xb64dadac, L:/127.0.0.1:54576 - R:localhost/127.0.0.1:62408]&apos; for &apos;POST&apos; to &apos;http://localhost:62408/session/77beaf4100b6efdf6a0a74bdb9ec922b/element/67d44a2c-16eb-41d0-bd51-656f9ad4696d/click&apos;
[DEBUG] Using open Channel [id: 0xb64dadac, L:/127.0.0.1:54576 - R:localhost/127.0.0.1:62408] for POST &apos;/session/77beaf4100b6efdf6a0a74bdb9ec922b/element/67d44a2c-16eb-41d0-bd51-656f9ad4696d/click&apos;
[DEBUG] Entry count for : http://localhost:54577 : 1
[DEBUG] 

Request DefaultHttpRequest(decodeResult: success, version: HTTP/1.1)
POST /session/77beaf4100b6efdf6a0a74bdb9ec922b/element/67d44a2c-16eb-41d0-bd51-656f9ad4696d/click HTTP/1.1
User-Agent: selenium/4.5.0 (java windows)
Content-Length: 50
Content-Type: application/json; charset=utf-8
host: localhost:62408
accept: */*

Response DefaultHttpResponse(decodeResult: success, version: HTTP/1.1)
HTTP/1.1 200 OK
Content-Type: application/json; charset=utf-8
cache-control: no-cache
content-length: 14

[DEBUG] Adding key: http://localhost:62408 for channel [id: 0xb64dadac, L:/127.0.0.1:54576 - R:localhost/127.0.0.1:62408]
Inside Then Method of login successful
[DEBUG] Using pooled Channel &apos;[id: 0xb64dadac, L:/127.0.0.1:54576 - R:localhost/127.0.0.1:62408]&apos; for &apos;POST&apos; to &apos;http://localhost:62408/session/77beaf4100b6efdf6a0a74bdb9ec922b/element&apos;
[DEBUG] Using open Channel [id: 0xb64dadac, L:/127.0.0.1:54576 - R:localhost/127.0.0.1:62408] for POST &apos;/session/77beaf4100b6efdf6a0a74bdb9ec922b/element&apos;
[DEBUG] 

Request DefaultHttpRequest(decodeResult: success, version: HTTP/1.1)
POST /session/77beaf4100b6efdf6a0a74bdb9ec922b/element HTTP/1.1
User-Agent: selenium/4.5.0 (java windows)
Content-Length: 67
Content-Type: application/json; charset=utf-8
host: localhost:62408
accept: */*

Response DefaultHttpResponse(decodeResult: success, version: HTTP/1.1)
HTTP/1.1 200 OK
Content-Type: application/json; charset=utf-8
cache-control: no-cache
content-length: 88

[DEBUG] Adding key: http://localhost:62408 for channel [id: 0xb64dadac, L:/127.0.0.1:54576 - R:localhost/127.0.0.1:62408]
[DEBUG] Using pooled Channel &apos;[id: 0xb64dadac, L:/127.0.0.1:54576 - R:localhost/127.0.0.1:62408]&apos; for &apos;POST&apos; to &apos;http://localhost:62408/session/77beaf4100b6efdf6a0a74bdb9ec922b/execute/sync&apos;
[DEBUG] Using open Channel [id: 0xb64dadac, L:/127.0.0.1:54576 - R:localhost/127.0.0.1:62408] for POST &apos;/session/77beaf4100b6efdf6a0a74bdb9ec922b/execute/sync&apos;
[DEBUG] Entry count for : http://localhost:54577 : 1
[DEBUG] 

Request DefaultHttpRequest(decodeResult: success, version: HTTP/1.1)
POST /session/77beaf4100b6efdf6a0a74bdb9ec922b/execute/sync HTTP/1.1
User-Agent: selenium/4.5.0 (java windows)
Content-Length: 47340
Content-Type: application/json; charset=utf-8
host: localhost:62408
accept: */*

Response DefaultHttpResponse(decodeResult: success, version: HTTP/1.1)
HTTP/1.1 200 OK
Content-Type: application/json; charset=utf-8
cache-control: no-cache
content-length: 28

[DEBUG] Adding key: http://localhost:62408 for channel [id: 0xb64dadac, L:/127.0.0.1:54576 - R:localhost/127.0.0.1:62408]
</system-out>
    <system-err>Starting ChromeDriver 102.0.5005.61 (0e59bcc00cc4985ce39ad31c150065f159d95ad3-refs/branch-heads/5005@{#819}) on port 62408
Only local connections are allowed.
Please see https://chromedriver.chromium.org/security-considerations for suggestions on keeping ChromeDriver safe.
ChromeDriver was started successfully.
Oct 31, 2022 2:52:53 PM org.openqa.selenium.remote.ProtocolHandshake createSession
INFO: Detected upstream dialect: W3C
Oct 31, 2022 2:52:53 PM org.openqa.selenium.devtools.CdpVersionFinder findNearestMatch
WARNING: Unable to find an exact match for CDP version 102, so returning the closest version found: a no-op implementation
Oct 31, 2022 2:52:53 PM org.openqa.selenium.devtools.CdpVersionFinder findNearestMatch
INFO: Unable to find CDP implementation matching 102.
Oct 31, 2022 2:52:53 PM org.openqa.selenium.chromium.ChromiumDriver lambda$new$3
WARNING: Unable to find version of CDP to use for . You may need to include a dependency on a specific version of the CDP using something similar to `org.seleniumhq.selenium:selenium-devtools-v86:4.5.0` where the version (&quot;v86&quot;) matches the version of the chromium-based browser you&apos;re using and the version number of the artifact is the same as Selenium&apos;s.
</system-err>
  </testcase>
  <testcase classname="HotelApp login #2" name="Login Successful" time="7.02"/>
  <testcase classname="HotelApp login Param" name="Login Successful" time="6.988"/>
  <testcase classname="HotelApp" name="SearchHotel Successful" time="6.101"/>
  <testcase classname="HotelApp" name="Select Hotel" time="8.494"/>
  <testcase classname="HotelApp login #3" name="Login Successful #1" time="5.873"/>
  <testcase classname="HotelApp login #3" name="Login Successful #2" time="6.65">
    <failure message="expected:&lt;Hello [vasuvespag]!&gt; but was:&lt;Hello [aryan1207]!&gt;" type="org.junit.ComparisonFailure">org.junit.ComparisonFailure: expected:&lt;Hello [vasuvespag]!&gt; but was:&lt;Hello [aryan1207]!&gt;
	at org.junit.Assert.assertEquals(Assert.java:117)
	at org.junit.Assert.assertEquals(Assert.java:146)
	at com.stepDefinition.Test_Steps.login_is_successful(Test_Steps.java:68)
	at ✽.Login is successful(file:///C:/Users/Administrator/JavaWorkspace/HotelAppCucumDemo/Features/OutlineDemo.feature:9)
</failure>
    <system-out>Inside Given Method
[DEBUG] Using new Channel &apos;[id: 0x0152a0c7, L:/127.0.0.1:54748 - R:localhost/127.0.0.1:54991]&apos; for &apos;POST&apos; to &apos;/session&apos;
[DEBUG] Entry count for : http://localhost:54692 : 1
[DEBUG] Entry count for : http://localhost:50083 : 1
[DEBUG] Entry count for : http://localhost:52297 : 1
[DEBUG] Entry count for : http://localhost:54577 : 1
[DEBUG] Entry count for : http://localhost:54666 : 1
[DEBUG] Entry count for : http://localhost:54637 : 1
[DEBUG] Entry count for : http://localhost:55823 : 1
[DEBUG] Entry count for : http://localhost:54724 : 1
[DEBUG] Entry count for : http://localhost:54608 : 1
[DEBUG] Entry count for : http://localhost:62839 : 1
[DEBUG] Entry count for : http://localhost:62408 : 1
[DEBUG] Entry count for : http://localhost:63538 : 1
[DEBUG] Entry count for : http://localhost:54692 : 1
[DEBUG] Entry count for : http://localhost:50083 : 1
[DEBUG] Entry count for : http://localhost:52297 : 1
[DEBUG] Entry count for : http://localhost:54577 : 1
[DEBUG] Entry count for : http://localhost:54666 : 1
[DEBUG] Entry count for : http://localhost:54637 : 1
[DEBUG] Entry count for : http://localhost:55823 : 1
[DEBUG] Entry count for : http://localhost:54724 : 1
[DEBUG] Entry count for : http://localhost:54608 : 1
[DEBUG] Entry count for : http://localhost:62839 : 1
[DEBUG] Entry count for : http://localhost:62408 : 1
[DEBUG] Entry count for : http://localhost:63538 : 1
[DEBUG] 

Request DefaultHttpRequest(decodeResult: success, version: HTTP/1.1)
POST /session HTTP/1.1
User-Agent: selenium/4.5.0 (java windows)
Content-Length: 365
Content-Type: application/json; charset=utf-8
host: localhost:54991
accept: */*

Response DefaultHttpResponse(decodeResult: success, version: HTTP/1.1)
HTTP/1.1 200 OK
Content-Type: application/json; charset=utf-8
cache-control: no-cache
content-length: 767

[DEBUG] Adding key: http://localhost:54991 for channel [id: 0x0152a0c7, L:/127.0.0.1:54748 - R:localhost/127.0.0.1:54991]
[DEBUG] Using new Channel &apos;[id: 0x7e7217b0, L:/127.0.0.1:54756 - R:localhost/127.0.0.1:54750]&apos; for &apos;GET&apos; to &apos;/json/version&apos;
[DEBUG] 

Request DefaultFullHttpRequest(decodeResult: success, version: HTTP/1.1, content: EmptyByteBufBE)
GET /json/version HTTP/1.1
User-Agent: selenium/4.5.0 (java windows)
host: localhost:54750
accept: */*

Response DefaultHttpResponse(decodeResult: success, version: HTTP/1.1)
HTTP/1.1 200 OK
Content-Type: application/json; charset=UTF-8
content-length: 426

[DEBUG] Adding key: http://localhost:54750 for channel [id: 0x7e7217b0, L:/127.0.0.1:54756 - R:localhost/127.0.0.1:54750]
[DEBUG] Using new Channel &apos;[id: 0xbd220180, L:/127.0.0.1:54757 - R:localhost/127.0.0.1:54750]&apos; for &apos;GET&apos; to &apos;/devtools/browser/ae6383cb-4e97-4fef-84ed-68269306482a&apos;
[DEBUG] 

Request DefaultFullHttpRequest(decodeResult: success, version: HTTP/1.1, content: EmptyByteBufBE)
GET /devtools/browser/ae6383cb-4e97-4fef-84ed-68269306482a HTTP/1.1
upgrade: websocket
connection: upgrade
sec-websocket-key: 7y8R2L5lndz/jddGVAFfWw==
sec-websocket-version: 13
origin: http://localhost:54750
host: localhost:54750
accept: */*
user-agent: AHC/2.1

Response DefaultHttpResponse(decodeResult: success, version: HTTP/1.1)
HTTP/1.1 101 WebSocket Protocol Handshake
Upgrade: WebSocket
Connection: Upgrade
Sec-WebSocket-Accept: 9dHLjmb38iEnun1EDjGPJGM5qcQ=

[DEBUG] Using pooled Channel &apos;[id: 0x0152a0c7, L:/127.0.0.1:54748 - R:localhost/127.0.0.1:54991]&apos; for &apos;POST&apos; to &apos;http://localhost:54991/session/07aae757749e8175dfd406e38a1c724e/url&apos;
[DEBUG] Using open Channel [id: 0x0152a0c7, L:/127.0.0.1:54748 - R:localhost/127.0.0.1:54991] for POST &apos;/session/07aae757749e8175dfd406e38a1c724e/url&apos;
[DEBUG] Entry count for : http://localhost:54692 : 1
[DEBUG] Entry count for : http://localhost:50083 : 1
[DEBUG] Entry count for : http://localhost:54750 : 1
[DEBUG] Entry count for : http://localhost:52297 : 1
[DEBUG] Entry count for : http://localhost:54577 : 1
[DEBUG] Entry count for : http://localhost:54666 : 1
[DEBUG] Entry count for : http://localhost:54637 : 1
[DEBUG] Entry count for : http://localhost:55823 : 1
[DEBUG] Entry count for : http://localhost:54724 : 1
[DEBUG] Entry count for : http://localhost:54608 : 1
[DEBUG] Entry count for : http://localhost:62839 : 1
[DEBUG] Entry count for : http://localhost:62408 : 1
[DEBUG] Entry count for : http://localhost:63538 : 1
[DEBUG] 

Request DefaultHttpRequest(decodeResult: success, version: HTTP/1.1)
POST /session/07aae757749e8175dfd406e38a1c724e/url HTTP/1.1
User-Agent: selenium/4.5.0 (java windows)
Content-Length: 51
Content-Type: application/json; charset=utf-8
host: localhost:54991
accept: */*

Response DefaultHttpResponse(decodeResult: success, version: HTTP/1.1)
HTTP/1.1 200 OK
Content-Type: application/json; charset=utf-8
cache-control: no-cache
content-length: 14

[DEBUG] Adding key: http://localhost:54991 for channel [id: 0x0152a0c7, L:/127.0.0.1:54748 - R:localhost/127.0.0.1:54991]
[DEBUG] Using pooled Channel &apos;[id: 0x0152a0c7, L:/127.0.0.1:54748 - R:localhost/127.0.0.1:54991]&apos; for &apos;POST&apos; to &apos;http://localhost:54991/session/07aae757749e8175dfd406e38a1c724e/element&apos;
[DEBUG] Using open Channel [id: 0x0152a0c7, L:/127.0.0.1:54748 - R:localhost/127.0.0.1:54991] for POST &apos;/session/07aae757749e8175dfd406e38a1c724e/element&apos;
[DEBUG] 

Request DefaultHttpRequest(decodeResult: success, version: HTTP/1.1)
POST /session/07aae757749e8175dfd406e38a1c724e/element HTTP/1.1
User-Agent: selenium/4.5.0 (java windows)
Content-Length: 53
Content-Type: application/json; charset=utf-8
host: localhost:54991
accept: */*

Response DefaultHttpResponse(decodeResult: success, version: HTTP/1.1)
HTTP/1.1 200 OK
Content-Type: application/json; charset=utf-8
cache-control: no-cache
content-length: 88

[DEBUG] Adding key: http://localhost:54991 for channel [id: 0x0152a0c7, L:/127.0.0.1:54748 - R:localhost/127.0.0.1:54991]
[DEBUG] Using pooled Channel &apos;[id: 0x0152a0c7, L:/127.0.0.1:54748 - R:localhost/127.0.0.1:54991]&apos; for &apos;POST&apos; to &apos;http://localhost:54991/session/07aae757749e8175dfd406e38a1c724e/element/40bf6ff0-2174-443c-8008-3e073bd18cd8/clear&apos;
[DEBUG] Using open Channel [id: 0x0152a0c7, L:/127.0.0.1:54748 - R:localhost/127.0.0.1:54991] for POST &apos;/session/07aae757749e8175dfd406e38a1c724e/element/40bf6ff0-2174-443c-8008-3e073bd18cd8/clear&apos;
[DEBUG] 

Request DefaultHttpRequest(decodeResult: success, version: HTTP/1.1)
POST /session/07aae757749e8175dfd406e38a1c724e/element/40bf6ff0-2174-443c-8008-3e073bd18cd8/clear HTTP/1.1
User-Agent: selenium/4.5.0 (java windows)
Content-Length: 50
Content-Type: application/json; charset=utf-8
host: localhost:54991
accept: */*

Response DefaultHttpResponse(decodeResult: success, version: HTTP/1.1)
HTTP/1.1 200 OK
Content-Type: application/json; charset=utf-8
cache-control: no-cache
content-length: 14

[DEBUG] Adding key: http://localhost:54991 for channel [id: 0x0152a0c7, L:/127.0.0.1:54748 - R:localhost/127.0.0.1:54991]
[DEBUG] Using pooled Channel &apos;[id: 0x0152a0c7, L:/127.0.0.1:54748 - R:localhost/127.0.0.1:54991]&apos; for &apos;POST&apos; to &apos;http://localhost:54991/session/07aae757749e8175dfd406e38a1c724e/element/40bf6ff0-2174-443c-8008-3e073bd18cd8/value&apos;
[DEBUG] Using open Channel [id: 0x0152a0c7, L:/127.0.0.1:54748 - R:localhost/127.0.0.1:54991] for POST &apos;/session/07aae757749e8175dfd406e38a1c724e/element/40bf6ff0-2174-443c-8008-3e073bd18cd8/value&apos;
[DEBUG] Entry count for : http://localhost:54692 : 1
[DEBUG] Entry count for : http://localhost:50083 : 1
[DEBUG] Entry count for : http://localhost:54750 : 1
[DEBUG] Entry count for : http://localhost:52297 : 1
[DEBUG] Entry count for : http://localhost:54577 : 1
[DEBUG] Entry count for : http://localhost:54666 : 1
[DEBUG] Entry count for : http://localhost:54637 : 1
[DEBUG] Entry count for : http://localhost:55823 : 1
[DEBUG] Entry count for : http://localhost:54724 : 1
[DEBUG] Entry count for : http://localhost:54608 : 1
[DEBUG] Entry count for : http://localhost:62839 : 1
[DEBUG] Entry count for : http://localhost:62408 : 1
[DEBUG] Entry count for : http://localhost:63538 : 1
[DEBUG] 

Request DefaultHttpRequest(decodeResult: success, version: HTTP/1.1)
POST /session/07aae757749e8175dfd406e38a1c724e/element/40bf6ff0-2174-443c-8008-3e073bd18cd8/value HTTP/1.1
User-Agent: selenium/4.5.0 (java windows)
Content-Length: 171
Content-Type: application/json; charset=utf-8
host: localhost:54991
accept: */*

Response DefaultHttpResponse(decodeResult: success, version: HTTP/1.1)
HTTP/1.1 200 OK
Content-Type: application/json; charset=utf-8
cache-control: no-cache
content-length: 14

[DEBUG] Adding key: http://localhost:54991 for channel [id: 0x0152a0c7, L:/127.0.0.1:54748 - R:localhost/127.0.0.1:54991]
[DEBUG] Using pooled Channel &apos;[id: 0x0152a0c7, L:/127.0.0.1:54748 - R:localhost/127.0.0.1:54991]&apos; for &apos;POST&apos; to &apos;http://localhost:54991/session/07aae757749e8175dfd406e38a1c724e/element&apos;
[DEBUG] Using open Channel [id: 0x0152a0c7, L:/127.0.0.1:54748 - R:localhost/127.0.0.1:54991] for POST &apos;/session/07aae757749e8175dfd406e38a1c724e/element&apos;
[DEBUG] 

Request DefaultHttpRequest(decodeResult: success, version: HTTP/1.1)
POST /session/07aae757749e8175dfd406e38a1c724e/element HTTP/1.1
User-Agent: selenium/4.5.0 (java windows)
Content-Length: 62
Content-Type: application/json; charset=utf-8
host: localhost:54991
accept: */*

Response DefaultHttpResponse(decodeResult: success, version: HTTP/1.1)
HTTP/1.1 200 OK
Content-Type: application/json; charset=utf-8
cache-control: no-cache
content-length: 88

[DEBUG] Adding key: http://localhost:54991 for channel [id: 0x0152a0c7, L:/127.0.0.1:54748 - R:localhost/127.0.0.1:54991]
[DEBUG] Using pooled Channel &apos;[id: 0x0152a0c7, L:/127.0.0.1:54748 - R:localhost/127.0.0.1:54991]&apos; for &apos;POST&apos; to &apos;http://localhost:54991/session/07aae757749e8175dfd406e38a1c724e/element/b2e4453f-2344-419f-84b6-cbef5ec30c45/clear&apos;
[DEBUG] Using open Channel [id: 0x0152a0c7, L:/127.0.0.1:54748 - R:localhost/127.0.0.1:54991] for POST &apos;/session/07aae757749e8175dfd406e38a1c724e/element/b2e4453f-2344-419f-84b6-cbef5ec30c45/clear&apos;
[DEBUG] 

Request DefaultHttpRequest(decodeResult: success, version: HTTP/1.1)
POST /session/07aae757749e8175dfd406e38a1c724e/element/b2e4453f-2344-419f-84b6-cbef5ec30c45/clear HTTP/1.1
User-Agent: selenium/4.5.0 (java windows)
Content-Length: 50
Content-Type: application/json; charset=utf-8
host: localhost:54991
accept: */*

Response DefaultHttpResponse(decodeResult: success, version: HTTP/1.1)
HTTP/1.1 200 OK
Content-Type: application/json; charset=utf-8
cache-control: no-cache
content-length: 14

[DEBUG] Adding key: http://localhost:54991 for channel [id: 0x0152a0c7, L:/127.0.0.1:54748 - R:localhost/127.0.0.1:54991]
[DEBUG] Using pooled Channel &apos;[id: 0x0152a0c7, L:/127.0.0.1:54748 - R:localhost/127.0.0.1:54991]&apos; for &apos;POST&apos; to &apos;http://localhost:54991/session/07aae757749e8175dfd406e38a1c724e/element&apos;
[DEBUG] Using open Channel [id: 0x0152a0c7, L:/127.0.0.1:54748 - R:localhost/127.0.0.1:54991] for POST &apos;/session/07aae757749e8175dfd406e38a1c724e/element&apos;
[DEBUG] 

Request DefaultHttpRequest(decodeResult: success, version: HTTP/1.1)
POST /session/07aae757749e8175dfd406e38a1c724e/element HTTP/1.1
User-Agent: selenium/4.5.0 (java windows)
Content-Length: 62
Content-Type: application/json; charset=utf-8
host: localhost:54991
accept: */*

Response DefaultHttpResponse(decodeResult: success, version: HTTP/1.1)
HTTP/1.1 200 OK
Content-Type: application/json; charset=utf-8
cache-control: no-cache
content-length: 88

[DEBUG] Adding key: http://localhost:54991 for channel [id: 0x0152a0c7, L:/127.0.0.1:54748 - R:localhost/127.0.0.1:54991]
[DEBUG] Using pooled Channel &apos;[id: 0x0152a0c7, L:/127.0.0.1:54748 - R:localhost/127.0.0.1:54991]&apos; for &apos;POST&apos; to &apos;http://localhost:54991/session/07aae757749e8175dfd406e38a1c724e/element/b2e4453f-2344-419f-84b6-cbef5ec30c45/value&apos;
[DEBUG] Using open Channel [id: 0x0152a0c7, L:/127.0.0.1:54748 - R:localhost/127.0.0.1:54991] for POST &apos;/session/07aae757749e8175dfd406e38a1c724e/element/b2e4453f-2344-419f-84b6-cbef5ec30c45/value&apos;
[DEBUG] 

Request DefaultHttpRequest(decodeResult: success, version: HTTP/1.1)
POST /session/07aae757749e8175dfd406e38a1c724e/element/b2e4453f-2344-419f-84b6-cbef5ec30c45/value HTTP/1.1
User-Agent: selenium/4.5.0 (java windows)
Content-Length: 201
Content-Type: application/json; charset=utf-8
host: localhost:54991
accept: */*

Response DefaultHttpResponse(decodeResult: success, version: HTTP/1.1)
HTTP/1.1 200 OK
Content-Type: application/json; charset=utf-8
cache-control: no-cache
content-length: 14

[DEBUG] Adding key: http://localhost:54991 for channel [id: 0x0152a0c7, L:/127.0.0.1:54748 - R:localhost/127.0.0.1:54991]
Inside When Method of Login
[DEBUG] Using pooled Channel &apos;[id: 0x0152a0c7, L:/127.0.0.1:54748 - R:localhost/127.0.0.1:54991]&apos; for &apos;POST&apos; to &apos;http://localhost:54991/session/07aae757749e8175dfd406e38a1c724e/elements&apos;
[DEBUG] Using open Channel [id: 0x0152a0c7, L:/127.0.0.1:54748 - R:localhost/127.0.0.1:54991] for POST &apos;/session/07aae757749e8175dfd406e38a1c724e/elements&apos;
[DEBUG] 

Request DefaultHttpRequest(decodeResult: success, version: HTTP/1.1)
POST /session/07aae757749e8175dfd406e38a1c724e/elements HTTP/1.1
User-Agent: selenium/4.5.0 (java windows)
Content-Length: 50
Content-Type: application/json; charset=utf-8
host: localhost:54991
accept: */*

Response DefaultHttpResponse(decodeResult: success, version: HTTP/1.1)
HTTP/1.1 200 OK
Content-Type: application/json; charset=utf-8
cache-control: no-cache
content-length: 90

[DEBUG] Adding key: http://localhost:54991 for channel [id: 0x0152a0c7, L:/127.0.0.1:54748 - R:localhost/127.0.0.1:54991]
[DEBUG] Using pooled Channel &apos;[id: 0x0152a0c7, L:/127.0.0.1:54748 - R:localhost/127.0.0.1:54991]&apos; for &apos;POST&apos; to &apos;http://localhost:54991/session/07aae757749e8175dfd406e38a1c724e/element/df67335e-f073-45b4-86be-047214b588ae/click&apos;
[DEBUG] Using open Channel [id: 0x0152a0c7, L:/127.0.0.1:54748 - R:localhost/127.0.0.1:54991] for POST &apos;/session/07aae757749e8175dfd406e38a1c724e/element/df67335e-f073-45b4-86be-047214b588ae/click&apos;
[DEBUG] Entry count for : http://localhost:54692 : 1
[DEBUG] Entry count for : http://localhost:50083 : 1
[DEBUG] Entry count for : http://localhost:54750 : 1
[DEBUG] Entry count for : http://localhost:52297 : 1
[DEBUG] Entry count for : http://localhost:54577 : 1
[DEBUG] Entry count for : http://localhost:54666 : 1
[DEBUG] Entry count for : http://localhost:54637 : 1
[DEBUG] Entry count for : http://localhost:55823 : 1
[DEBUG] Entry count for : http://localhost:54724 : 1
[DEBUG] Entry count for : http://localhost:54608 : 1
[DEBUG] Entry count for : http://localhost:62839 : 1
[DEBUG] Entry count for : http://localhost:62408 : 1
[DEBUG] Entry count for : http://localhost:63538 : 1
[DEBUG] Entry count for : http://localhost:54692 : 1
[DEBUG] Entry count for : http://localhost:50083 : 1
[DEBUG] Entry count for : http://localhost:54750 : 1
[DEBUG] Entry count for : http://localhost:52297 : 1
[DEBUG] Entry count for : http://localhost:54577 : 1
[DEBUG] Entry count for : http://localhost:54666 : 1
[DEBUG] Entry count for : http://localhost:54637 : 1
[DEBUG] Entry count for : http://localhost:55823 : 1
[DEBUG] Entry count for : http://localhost:54724 : 1
[DEBUG] Entry count for : http://localhost:54608 : 1
[DEBUG] Entry count for : http://localhost:62839 : 1
[DEBUG] Entry count for : http://localhost:62408 : 1
[DEBUG] Entry count for : http://localhost:63538 : 1
[DEBUG] 

Request DefaultHttpRequest(decodeResult: success, version: HTTP/1.1)
POST /session/07aae757749e8175dfd406e38a1c724e/element/df67335e-f073-45b4-86be-047214b588ae/click HTTP/1.1
User-Agent: selenium/4.5.0 (java windows)
Content-Length: 50
Content-Type: application/json; charset=utf-8
host: localhost:54991
accept: */*

Response DefaultHttpResponse(decodeResult: success, version: HTTP/1.1)
HTTP/1.1 200 OK
Content-Type: application/json; charset=utf-8
cache-control: no-cache
content-length: 14

[DEBUG] Adding key: http://localhost:54991 for channel [id: 0x0152a0c7, L:/127.0.0.1:54748 - R:localhost/127.0.0.1:54991]
Inside Then Method of login successful
[DEBUG] Using pooled Channel &apos;[id: 0x0152a0c7, L:/127.0.0.1:54748 - R:localhost/127.0.0.1:54991]&apos; for &apos;POST&apos; to &apos;http://localhost:54991/session/07aae757749e8175dfd406e38a1c724e/element&apos;
[DEBUG] Using open Channel [id: 0x0152a0c7, L:/127.0.0.1:54748 - R:localhost/127.0.0.1:54991] for POST &apos;/session/07aae757749e8175dfd406e38a1c724e/element&apos;
[DEBUG] 

Request DefaultHttpRequest(decodeResult: success, version: HTTP/1.1)
POST /session/07aae757749e8175dfd406e38a1c724e/element HTTP/1.1
User-Agent: selenium/4.5.0 (java windows)
Content-Length: 67
Content-Type: application/json; charset=utf-8
host: localhost:54991
accept: */*

Response DefaultHttpResponse(decodeResult: success, version: HTTP/1.1)
HTTP/1.1 200 OK
Content-Type: application/json; charset=utf-8
cache-control: no-cache
content-length: 88

[DEBUG] Adding key: http://localhost:54991 for channel [id: 0x0152a0c7, L:/127.0.0.1:54748 - R:localhost/127.0.0.1:54991]
[DEBUG] Using pooled Channel &apos;[id: 0x0152a0c7, L:/127.0.0.1:54748 - R:localhost/127.0.0.1:54991]&apos; for &apos;POST&apos; to &apos;http://localhost:54991/session/07aae757749e8175dfd406e38a1c724e/execute/sync&apos;
[DEBUG] Using open Channel [id: 0x0152a0c7, L:/127.0.0.1:54748 - R:localhost/127.0.0.1:54991] for POST &apos;/session/07aae757749e8175dfd406e38a1c724e/execute/sync&apos;
[DEBUG] 

Request DefaultHttpRequest(decodeResult: success, version: HTTP/1.1)
POST /session/07aae757749e8175dfd406e38a1c724e/execute/sync HTTP/1.1
User-Agent: selenium/4.5.0 (java windows)
Content-Length: 47340
Content-Type: application/json; charset=utf-8
host: localhost:54991
accept: */*

Response DefaultHttpResponse(decodeResult: success, version: HTTP/1.1)
HTTP/1.1 200 OK
Content-Type: application/json; charset=utf-8
cache-control: no-cache
content-length: 28

[DEBUG] Adding key: http://localhost:54991 for channel [id: 0x0152a0c7, L:/127.0.0.1:54748 - R:localhost/127.0.0.1:54991]
</system-out>
    <system-err>Starting ChromeDriver 102.0.5005.61 (0e59bcc00cc4985ce39ad31c150065f159d95ad3-refs/branch-heads/5005@{#819}) on port 54991
Only local connections are allowed.
Please see https://chromedriver.chromium.org/security-considerations for suggestions on keeping ChromeDriver safe.
ChromeDriver was started successfully.
Oct 31, 2022 2:53:35 PM org.openqa.selenium.remote.ProtocolHandshake createSession
INFO: Detected upstream dialect: W3C
Oct 31, 2022 2:53:35 PM org.openqa.selenium.devtools.CdpVersionFinder findNearestMatch
WARNING: Unable to find an exact match for CDP version 102, so returning the closest version found: a no-op implementation
Oct 31, 2022 2:53:35 PM org.openqa.selenium.devtools.CdpVersionFinder findNearestMatch
INFO: Unable to find CDP implementation matching 102.
Oct 31, 2022 2:53:35 PM org.openqa.selenium.chromium.ChromiumDriver lambda$new$3
WARNING: Unable to find version of CDP to use for . You may need to include a dependency on a specific version of the CDP using something similar to `org.seleniumhq.selenium:selenium-devtools-v86:4.5.0` where the version (&quot;v86&quot;) matches the version of the chromium-based browser you&apos;re using and the version number of the artifact is the same as Selenium&apos;s.
</system-err>
  </testcase>
</testsuite>